  [1m[35m (499.3ms)[0m  [1m[35mCREATE DATABASE "music_app_development" ENCODING = 'unicode'[0m
  ↳ bin/rails:9
  [1m[35m (156.5ms)[0m  [1m[35mCREATE DATABASE "music_app_test" ENCODING = 'unicode'[0m
  ↳ bin/rails:9
  [1m[35m (104.3ms)[0m  [1m[35mCREATE TABLE "schema_migrations" ("version" character varying NOT NULL PRIMARY KEY)[0m
  ↳ bin/rails:9
  [1m[35m (14.4ms)[0m  [1m[35mCREATE TABLE "ar_internal_metadata" ("key" character varying NOT NULL PRIMARY KEY, "value" character varying, "created_at" timestamp NOT NULL, "updated_at" timestamp NOT NULL)[0m
  ↳ bin/rails:9
  [1m[35m (4.6ms)[0m  [1m[34mSELECT pg_try_advisory_lock(4505726345591715405)[0m
  ↳ bin/rails:9
  [1m[35m (1.1ms)[0m  [1m[34mSELECT "schema_migrations"."version" FROM "schema_migrations" ORDER BY "schema_migrations"."version" ASC[0m
  ↳ bin/rails:9
Migrating to CreateUsers (20200818134542)
  [1m[35m (0.3ms)[0m  [1m[35mBEGIN[0m
  ↳ bin/rails:9
  [1m[35m (37.7ms)[0m  [1m[35mCREATE TABLE "users" ("id" bigserial primary key, "email" character varying NOT NULL, "password_digest" character varying NOT NULL, "session_token" character varying NOT NULL, "created_at" timestamp NOT NULL, "updated_at" timestamp NOT NULL)[0m
  ↳ db/migrate/20200818134542_create_users.rb:3
  [1m[35m (6.3ms)[0m  [1m[35mCREATE  INDEX  "index_users_on_email" ON "users"  ("email")[0m
  ↳ db/migrate/20200818134542_create_users.rb:10
  [1m[35m (5.0ms)[0m  [1m[35mCREATE  INDEX  "index_users_on_session_token" ON "users"  ("session_token")[0m
  ↳ db/migrate/20200818134542_create_users.rb:11
  [1m[36mActiveRecord::SchemaMigration Create (3.0ms)[0m  [1m[32mINSERT INTO "schema_migrations" ("version") VALUES ($1) RETURNING "version"[0m  [["version", "20200818134542"]]
  ↳ bin/rails:9
  [1m[35m (1.5ms)[0m  [1m[35mCOMMIT[0m
  ↳ bin/rails:9
  [1m[36mActiveRecord::InternalMetadata Load (4.3ms)[0m  [1m[34mSELECT  "ar_internal_metadata".* FROM "ar_internal_metadata" WHERE "ar_internal_metadata"."key" = $1 LIMIT $2[0m  [["key", "environment"], ["LIMIT", 1]]
  ↳ bin/rails:9
  [1m[35m (0.2ms)[0m  [1m[35mBEGIN[0m
  ↳ bin/rails:9
  [1m[36mActiveRecord::InternalMetadata Create (0.9ms)[0m  [1m[32mINSERT INTO "ar_internal_metadata" ("key", "value", "created_at", "updated_at") VALUES ($1, $2, $3, $4) RETURNING "key"[0m  [["key", "environment"], ["value", "development"], ["created_at", "2020-08-18 13:49:45.675200"], ["updated_at", "2020-08-18 13:49:45.675200"]]
  ↳ bin/rails:9
  [1m[35m (4.7ms)[0m  [1m[35mCOMMIT[0m
  ↳ bin/rails:9
  [1m[35m (0.3ms)[0m  [1m[34mSELECT pg_advisory_unlock(4505726345591715405)[0m
  ↳ bin/rails:9
  [1m[35m (0.4ms)[0m  [1m[34mSELECT "schema_migrations"."version" FROM "schema_migrations" ORDER BY "schema_migrations"."version" ASC[0m
  ↳ bin/rails:9
  [1m[35m (1.1ms)[0m  [1m[34mSELECT "schema_migrations"."version" FROM "schema_migrations" ORDER BY "schema_migrations"."version" ASC[0m
  ↳ /Users/travisholter/.rbenv/versions/2.5.1/bin/annotate:23
  [1m[35m (0.2ms)[0m  [1m[35mBEGIN[0m
  [1m[36mUser Exists (10.3ms)[0m  [1m[34mSELECT  1 AS one FROM "users" WHERE "users"."email" IS NULL LIMIT $1[0m  [["LIMIT", 1]]
  [1m[36mUser Exists (3.0ms)[0m  [1m[34mSELECT  1 AS one FROM "users" WHERE "users"."session_token" = $1 LIMIT $2[0m  [["session_token", "W-wi5TNV6uqOvfSsSsDNwA"], ["LIMIT", 1]]
  [1m[35m (0.4ms)[0m  [1m[31mROLLBACK[0m
  [1m[35m (0.6ms)[0m  [1m[35mBEGIN[0m
  [1m[36mUser Exists (1.2ms)[0m  [1m[34mSELECT  1 AS one FROM "users" WHERE "users"."email" = $1 LIMIT $2[0m  [["email", "travisjh@gmail.com"], ["LIMIT", 1]]
  [1m[36mUser Exists (0.4ms)[0m  [1m[34mSELECT  1 AS one FROM "users" WHERE "users"."session_token" = $1 LIMIT $2[0m  [["session_token", "Mgh-urI6SvOUnwGtI9ILGQ"], ["LIMIT", 1]]
  [1m[36mUser Create (11.3ms)[0m  [1m[32mINSERT INTO "users" ("email", "password_digest", "session_token", "created_at", "updated_at") VALUES ($1, $2, $3, $4, $5) RETURNING "id"[0m  [["email", "travisjh@gmail.com"], ["password_digest", "asdf"], ["session_token", "Mgh-urI6SvOUnwGtI9ILGQ"], ["created_at", "2020-08-18 14:09:16.160151"], ["updated_at", "2020-08-18 14:09:16.160151"]]
  [1m[35m (4.7ms)[0m  [1m[35mCOMMIT[0m
  [1m[36mUser Load (1.0ms)[0m  [1m[34mSELECT  "users".* FROM "users" ORDER BY "users"."id" ASC LIMIT $1[0m  [["LIMIT", 1]]
  [1m[36mUser Load (0.9ms)[0m  [1m[34mSELECT  "users".* FROM "users" ORDER BY "users"."id" ASC LIMIT $1[0m  [["LIMIT", 1]]
  [1m[36mUser Load (0.9ms)[0m  [1m[34mSELECT  "users".* FROM "users" ORDER BY "users"."id" ASC LIMIT $1[0m  [["LIMIT", 1]]
  [1m[36mUser Load (2.8ms)[0m  [1m[34mSELECT  "users".* FROM "users" ORDER BY "users"."id" ASC LIMIT $1[0m  [["LIMIT", 1]]
  [1m[35m (4.0ms)[0m  [1m[35mBEGIN[0m
  [1m[35m (2.6ms)[0m  [1m[31mROLLBACK[0m
  [1m[35m (0.3ms)[0m  [1m[35mBEGIN[0m
  [1m[35m (1.3ms)[0m  [1m[31mROLLBACK[0m
  [1m[35m (0.4ms)[0m  [1m[35mBEGIN[0m
  [1m[36mUser Exists (7.6ms)[0m  [1m[34mSELECT  1 AS one FROM "users" WHERE "users"."email" = $1 LIMIT $2[0m  [["email", "hello@hello.com"], ["LIMIT", 1]]
  [1m[36mUser Exists (0.7ms)[0m  [1m[34mSELECT  1 AS one FROM "users" WHERE "users"."session_token" = $1 LIMIT $2[0m  [["session_token", "JUkiu5a1RjIuz3DCtpM9ZQ"], ["LIMIT", 1]]
  [1m[36mUser Create (13.7ms)[0m  [1m[32mINSERT INTO "users" ("email", "password_digest", "session_token", "created_at", "updated_at") VALUES ($1, $2, $3, $4, $5) RETURNING "id"[0m  [["email", "hello@hello.com"], ["password_digest", "$2a$12$xgdEy5CYjCdvXm235sokE.DK1cI6gHpcb2VVa3Vnzqs1.CGr508ty"], ["session_token", "JUkiu5a1RjIuz3DCtpM9ZQ"], ["created_at", "2020-08-18 14:42:25.604953"], ["updated_at", "2020-08-18 14:42:25.604953"]]
  [1m[35m (12.3ms)[0m  [1m[35mCOMMIT[0m
  [1m[36mUser Load (0.9ms)[0m  [1m[34mSELECT  "users".* FROM "users" ORDER BY "users"."id" ASC LIMIT $1[0m  [["LIMIT", 1]]
  [1m[36mUser Load (0.6ms)[0m  [1m[34mSELECT  "users".* FROM "users" ORDER BY "users"."id" DESC LIMIT $1[0m  [["LIMIT", 1]]
  [1m[36mUser Load (0.5ms)[0m  [1m[34mSELECT  "users".* FROM "users" WHERE "users"."email" = $1 LIMIT $2[0m  [["email", "hello@hello.com"], ["LIMIT", 1]]
  [1m[36mUser Load (1.0ms)[0m  [1m[34mSELECT  "users".* FROM "users" WHERE "users"."email" = $1 LIMIT $2[0m  [["email", "travisjh@gmail.com"], ["LIMIT", 1]]
  [1m[36mUser Load (0.4ms)[0m  [1m[34mSELECT  "users".* FROM "users" ORDER BY "users"."id" ASC LIMIT $1[0m  [["LIMIT", 1]]
  [1m[36mUser Load (0.4ms)[0m  [1m[34mSELECT  "users".* FROM "users" ORDER BY "users"."id" ASC LIMIT $1[0m  [["LIMIT", 1]]
  [1m[36mUser Load (0.6ms)[0m  [1m[34mSELECT  "users".* FROM "users" ORDER BY "users"."id" ASC LIMIT $1[0m  [["LIMIT", 1]]
  [1m[36mUser Load (0.8ms)[0m  [1m[34mSELECT  "users".* FROM "users" ORDER BY "users"."id" ASC LIMIT $1[0m  [["LIMIT", 1]]
  [1m[36mUser Load (0.6ms)[0m  [1m[34mSELECT  "users".* FROM "users" ORDER BY "users"."id" ASC LIMIT $1[0m  [["LIMIT", 1]]
  [1m[36mUser Load (0.8ms)[0m  [1m[34mSELECT  "users".* FROM "users" ORDER BY "users"."id" ASC LIMIT $1[0m  [["LIMIT", 1]]
  [1m[36mUser Load (0.5ms)[0m  [1m[34mSELECT  "users".* FROM "users" WHERE "users"."email" = $1 LIMIT $2[0m  [["email", "travisjh@gmail.com"], ["LIMIT", 1]]
  [1m[36mUser Load (1.5ms)[0m  [1m[34mSELECT  "users".* FROM "users" WHERE "users"."email" = $1 LIMIT $2[0m  [["email", "travisjh@gmail.com"], ["LIMIT", 1]]
  [1m[36mUser Load (0.8ms)[0m  [1m[34mSELECT  "users".* FROM "users" WHERE "users"."email" = $1 LIMIT $2[0m  [["email", "hello@hello.com"], ["LIMIT", 1]]
  [1m[36mUser Load (1.9ms)[0m  [1m[34mSELECT  "users".* FROM "users" ORDER BY "users"."id" DESC LIMIT $1[0m  [["LIMIT", 1]]
  [1m[36mUser Load (0.6ms)[0m  [1m[34mSELECT  "users".* FROM "users" ORDER BY "users"."id" DESC LIMIT $1[0m  [["LIMIT", 1]]
  [1m[36mUser Load (4.0ms)[0m  [1m[34mSELECT  "users".* FROM "users" ORDER BY "users"."id" DESC LIMIT $1[0m  [["LIMIT", 1]]
  [1m[36mUser Load (3.1ms)[0m  [1m[34mSELECT  "users".* FROM "users" ORDER BY "users"."id" DESC LIMIT $1[0m  [["LIMIT", 1]]
  [1m[36mUser Load (0.7ms)[0m  [1m[34mSELECT  "users".* FROM "users" ORDER BY "users"."id" DESC LIMIT $1[0m  [["LIMIT", 1]]
  [1m[36mUser Load (0.5ms)[0m  [1m[34mSELECT  "users".* FROM "users" ORDER BY "users"."id" DESC LIMIT $1[0m  [["LIMIT", 1]]
  [1m[36mUser Load (0.6ms)[0m  [1m[34mSELECT  "users".* FROM "users" ORDER BY "users"."id" ASC LIMIT $1[0m  [["LIMIT", 1]]
  [1m[36mUser Load (3.7ms)[0m  [1m[34mSELECT  "users".* FROM "users" ORDER BY "users"."id" DESC LIMIT $1[0m  [["LIMIT", 1]]
  [1m[36mUser Load (1.4ms)[0m  [1m[34mSELECT  "users".* FROM "users" ORDER BY "users"."id" DESC LIMIT $1[0m  [["LIMIT", 1]]
  [1m[36mUser Load (1.1ms)[0m  [1m[34mSELECT  "users".* FROM "users" ORDER BY "users"."id" DESC LIMIT $1[0m  [["LIMIT", 1]]
  [1m[36mUser Load (2.7ms)[0m  [1m[34mSELECT  "users".* FROM "users" ORDER BY "users"."id" ASC LIMIT $1[0m  [["LIMIT", 1]]
  [1m[36mUser Load (0.7ms)[0m  [1m[34mSELECT  "users".* FROM "users" ORDER BY "users"."id" DESC LIMIT $1[0m  [["LIMIT", 1]]
  [1m[36mUser Load (0.5ms)[0m  [1m[34mSELECT  "users".* FROM "users" ORDER BY "users"."id" DESC LIMIT $1[0m  [["LIMIT", 1]]
  [1m[36mUser Load (1.7ms)[0m  [1m[34mSELECT  "users".* FROM "users" ORDER BY "users"."id" DESC LIMIT $1[0m  [["LIMIT", 1]]
  [1m[36mUser Load (1.3ms)[0m  [1m[34mSELECT  "users".* FROM "users" ORDER BY "users"."id" ASC LIMIT $1[0m  [["LIMIT", 1]]
  [1m[36mUser Load (0.8ms)[0m  [1m[34mSELECT  "users".* FROM "users" ORDER BY "users"."id" ASC LIMIT $1[0m  [["LIMIT", 1]]
  [1m[36mUser Load (0.5ms)[0m  [1m[34mSELECT  "users".* FROM "users" ORDER BY "users"."id" ASC LIMIT $1[0m  [["LIMIT", 1]]
  [1m[36mUser Load (1.0ms)[0m  [1m[34mSELECT  "users".* FROM "users" ORDER BY "users"."id" ASC LIMIT $1[0m  [["LIMIT", 1]]
  [1m[36mUser Load (0.6ms)[0m  [1m[34mSELECT  "users".* FROM "users" ORDER BY "users"."id" ASC LIMIT $1[0m  [["LIMIT", 1]]
  [1m[36mUser Load (1.0ms)[0m  [1m[34mSELECT  "users".* FROM "users" ORDER BY "users"."id" ASC LIMIT $1[0m  [["LIMIT", 1]]
  [1m[36mUser Load (0.6ms)[0m  [1m[34mSELECT  "users".* FROM "users" ORDER BY "users"."id" ASC LIMIT $1[0m  [["LIMIT", 1]]
  [1m[35m (0.6ms)[0m  [1m[35mBEGIN[0m
  [1m[36mUser Exists (3.6ms)[0m  [1m[34mSELECT  1 AS one FROM "users" WHERE "users"."email" = $1 AND "users"."id" != $2 LIMIT $3[0m  [["email", "travisjh@gmail.com"], ["id", 1], ["LIMIT", 1]]
  [1m[36mUser Exists (2.6ms)[0m  [1m[34mSELECT  1 AS one FROM "users" WHERE "users"."session_token" = $1 AND "users"."id" != $2 LIMIT $3[0m  [["session_token", "Mgh-urI6SvOUnwGtI9ILGQ"], ["id", 1], ["LIMIT", 1]]
  [1m[36mUser Update (21.3ms)[0m  [1m[33mUPDATE "users" SET "password_digest" = $1, "updated_at" = $2 WHERE "users"."id" = $3[0m  [["password_digest", "$2a$12$PBro2m5xcHdLVbwVK2O3eeSk9aMKIk4QNW5ig385qyvDRQSzOJZM6"], ["updated_at", "2020-08-18 15:24:26.381324"], ["id", 1]]
  [1m[35m (7.4ms)[0m  [1m[35mCOMMIT[0m
  [1m[36mUser Load (1.3ms)[0m  [1m[34mSELECT  "users".* FROM "users" ORDER BY "users"."id" ASC LIMIT $1[0m  [["LIMIT", 1]]
  [1m[36mUser Load (1.7ms)[0m  [1m[34mSELECT  "users".* FROM "users" ORDER BY "users"."id" ASC LIMIT $1[0m  [["LIMIT", 1]]
  [1m[36mUser Load (0.5ms)[0m  [1m[34mSELECT  "users".* FROM "users" ORDER BY "users"."id" DESC LIMIT $1[0m  [["LIMIT", 1]]
  [1m[36mUser Load (0.6ms)[0m  [1m[34mSELECT  "users".* FROM "users" ORDER BY "users"."id" DESC LIMIT $1[0m  [["LIMIT", 1]]
  [1m[35m (0.2ms)[0m  [1m[35mBEGIN[0m
  [1m[36mUser Exists (0.6ms)[0m  [1m[34mSELECT  1 AS one FROM "users" WHERE "users"."email" = $1 AND "users"."id" != $2 LIMIT $3[0m  [["email", "hello@hello.com"], ["id", 2], ["LIMIT", 1]]
  [1m[36mUser Exists (0.5ms)[0m  [1m[34mSELECT  1 AS one FROM "users" WHERE "users"."session_token" = $1 AND "users"."id" != $2 LIMIT $3[0m  [["session_token", "JUkiu5a1RjIuz3DCtpM9ZQ"], ["id", 2], ["LIMIT", 1]]
  [1m[36mUser Update (0.8ms)[0m  [1m[33mUPDATE "users" SET "password_digest" = $1, "updated_at" = $2 WHERE "users"."id" = $3[0m  [["password_digest", "$2a$12$xTTkscO/TL8arCk7Q8faa.KBx1bH86yn0cgITVBWkfuOULr6kR8H2"], ["updated_at", "2020-08-18 15:25:39.999665"], ["id", 2]]
  [1m[35m (2.8ms)[0m  [1m[35mCOMMIT[0m
  [1m[36mUser Load (0.6ms)[0m  [1m[34mSELECT  "users".* FROM "users" ORDER BY "users"."id" DESC LIMIT $1[0m  [["LIMIT", 1]]
  [1m[36mUser Load (0.3ms)[0m  [1m[34mSELECT  "users".* FROM "users" WHERE "users"."email" = $1 LIMIT $2[0m  [["email", "hello@hello.com"], ["LIMIT", 1]]
Started GET "/" for ::1 at 2020-08-18 11:50:43 -0700
  [1m[35m (9.2ms)[0m  [1m[34mSELECT "schema_migrations"."version" FROM "schema_migrations" ORDER BY "schema_migrations"."version" ASC[0m
  ↳ /Users/travisholter/.rbenv/versions/2.5.1/lib/ruby/gems/2.5.0/gems/activerecord-5.2.4.3/lib/active_record/log_subscriber.rb:98
Processing by Rails::WelcomeController#index as HTML
  Rendering /Users/travisholter/.rbenv/versions/2.5.1/lib/ruby/gems/2.5.0/gems/railties-5.2.4.3/lib/rails/templates/rails/welcome/index.html.erb
  Rendered /Users/travisholter/.rbenv/versions/2.5.1/lib/ruby/gems/2.5.0/gems/railties-5.2.4.3/lib/rails/templates/rails/welcome/index.html.erb (23.2ms)
Completed 200 OK in 321ms (Views: 217.0ms | ActiveRecord: 0.0ms)


Started GET "/user" for ::1 at 2020-08-18 11:51:33 -0700
  
ActionController::RoutingError (No route matches [GET] "/user"):
  
actionpack (5.2.4.3) lib/action_dispatch/middleware/debug_exceptions.rb:65:in `call'
web-console (3.7.0) lib/web_console/middleware.rb:135:in `call_app'
web-console (3.7.0) lib/web_console/middleware.rb:30:in `block in call'
web-console (3.7.0) lib/web_console/middleware.rb:20:in `catch'
web-console (3.7.0) lib/web_console/middleware.rb:20:in `call'
actionpack (5.2.4.3) lib/action_dispatch/middleware/show_exceptions.rb:33:in `call'
railties (5.2.4.3) lib/rails/rack/logger.rb:38:in `call_app'
railties (5.2.4.3) lib/rails/rack/logger.rb:26:in `block in call'
activesupport (5.2.4.3) lib/active_support/tagged_logging.rb:71:in `block in tagged'
activesupport (5.2.4.3) lib/active_support/tagged_logging.rb:28:in `tagged'
activesupport (5.2.4.3) lib/active_support/tagged_logging.rb:71:in `tagged'
railties (5.2.4.3) lib/rails/rack/logger.rb:26:in `call'
sprockets-rails (3.2.1) lib/sprockets/rails/quiet_assets.rb:13:in `call'
actionpack (5.2.4.3) lib/action_dispatch/middleware/remote_ip.rb:81:in `call'
actionpack (5.2.4.3) lib/action_dispatch/middleware/request_id.rb:27:in `call'
rack (2.2.3) lib/rack/method_override.rb:24:in `call'
rack (2.2.3) lib/rack/runtime.rb:22:in `call'
activesupport (5.2.4.3) lib/active_support/cache/strategy/local_cache_middleware.rb:29:in `call'
actionpack (5.2.4.3) lib/action_dispatch/middleware/executor.rb:14:in `call'
actionpack (5.2.4.3) lib/action_dispatch/middleware/static.rb:127:in `call'
rack (2.2.3) lib/rack/sendfile.rb:110:in `call'
railties (5.2.4.3) lib/rails/engine.rb:524:in `call'
puma (3.12.6) lib/puma/configuration.rb:227:in `call'
puma (3.12.6) lib/puma/server.rb:706:in `handle_request'
puma (3.12.6) lib/puma/server.rb:476:in `process_client'
puma (3.12.6) lib/puma/server.rb:334:in `block in run'
puma (3.12.6) lib/puma/thread_pool.rb:135:in `block in spawn_thread'
Started GET "/user/new" for ::1 at 2020-08-18 11:52:45 -0700
  
ActionController::RoutingError (No route matches [GET] "/user/new"):
  
actionpack (5.2.4.3) lib/action_dispatch/middleware/debug_exceptions.rb:65:in `call'
web-console (3.7.0) lib/web_console/middleware.rb:135:in `call_app'
web-console (3.7.0) lib/web_console/middleware.rb:30:in `block in call'
web-console (3.7.0) lib/web_console/middleware.rb:20:in `catch'
web-console (3.7.0) lib/web_console/middleware.rb:20:in `call'
actionpack (5.2.4.3) lib/action_dispatch/middleware/show_exceptions.rb:33:in `call'
railties (5.2.4.3) lib/rails/rack/logger.rb:38:in `call_app'
railties (5.2.4.3) lib/rails/rack/logger.rb:26:in `block in call'
activesupport (5.2.4.3) lib/active_support/tagged_logging.rb:71:in `block in tagged'
activesupport (5.2.4.3) lib/active_support/tagged_logging.rb:28:in `tagged'
activesupport (5.2.4.3) lib/active_support/tagged_logging.rb:71:in `tagged'
railties (5.2.4.3) lib/rails/rack/logger.rb:26:in `call'
sprockets-rails (3.2.1) lib/sprockets/rails/quiet_assets.rb:13:in `call'
actionpack (5.2.4.3) lib/action_dispatch/middleware/remote_ip.rb:81:in `call'
actionpack (5.2.4.3) lib/action_dispatch/middleware/request_id.rb:27:in `call'
rack (2.2.3) lib/rack/method_override.rb:24:in `call'
rack (2.2.3) lib/rack/runtime.rb:22:in `call'
activesupport (5.2.4.3) lib/active_support/cache/strategy/local_cache_middleware.rb:29:in `call'
actionpack (5.2.4.3) lib/action_dispatch/middleware/executor.rb:14:in `call'
actionpack (5.2.4.3) lib/action_dispatch/middleware/static.rb:127:in `call'
rack (2.2.3) lib/rack/sendfile.rb:110:in `call'
railties (5.2.4.3) lib/rails/engine.rb:524:in `call'
puma (3.12.6) lib/puma/configuration.rb:227:in `call'
puma (3.12.6) lib/puma/server.rb:706:in `handle_request'
puma (3.12.6) lib/puma/server.rb:476:in `process_client'
puma (3.12.6) lib/puma/server.rb:334:in `block in run'
puma (3.12.6) lib/puma/thread_pool.rb:135:in `block in spawn_thread'
Started GET "/users/new" for ::1 at 2020-08-18 11:52:56 -0700
Processing by UsersController#new as HTML
  Rendering users/new.html.erb within layouts/application
  Rendered users/new.html.erb within layouts/application (5.6ms)
Completed 500 Internal Server Error in 4096ms (ActiveRecord: 50.8ms)



ActionView::Template::Error - undefined method `logged_in?' for #<#<Class:0x00007fe7a4108e78>:0x00007fe7a4101a60>
Did you mean?  logger?:
  app/views/layouts/application.html.erb:13:in `view template'
  app/controllers/users_controller.rb:5:in `new'

Started POST "/__better_errors/cc0607152d031c28/variables" for ::1 at 2020-08-18 11:53:00 -0700
Started GET "/users/new" for ::1 at 2020-08-18 11:54:47 -0700
Processing by UsersController#new as HTML
  Rendering users/new.html.erb within layouts/application
  Rendered users/new.html.erb within layouts/application (2.6ms)
  [1m[36mUser Load (13.5ms)[0m  [1m[34mSELECT  "users".* FROM "users" WHERE "users"."session_token" IS NULL LIMIT $1[0m  [["LIMIT", 1]]
  ↳ app/controllers/application_controller.rb:5
Completed 200 OK in 207ms (Views: 133.3ms | ActiveRecord: 28.1ms)


Started GET "/users" for ::1 at 2020-08-18 11:55:02 -0700

AbstractController::ActionNotFound - The action 'index' could not be found for UsersController:

Started POST "/__better_errors/5cff487b66bdfbd7/variables" for ::1 at 2020-08-18 11:55:02 -0700
Started GET "/users/new" for ::1 at 2020-08-18 11:55:13 -0700
Processing by UsersController#new as HTML
  Rendering users/new.html.erb within layouts/application
  Rendered users/new.html.erb within layouts/application (1.2ms)
  [1m[36mUser Load (1.3ms)[0m  [1m[34mSELECT  "users".* FROM "users" WHERE "users"."session_token" IS NULL LIMIT $1[0m  [["LIMIT", 1]]
  ↳ app/controllers/application_controller.rb:5
Completed 200 OK in 102ms (Views: 98.8ms | ActiveRecord: 1.7ms)


Started POST "/session/new" for ::1 at 2020-08-18 11:55:24 -0700
  
ActionController::RoutingError (No route matches [POST] "/session/new"):
  
actionpack (5.2.4.3) lib/action_dispatch/middleware/debug_exceptions.rb:65:in `call'
web-console (3.7.0) lib/web_console/middleware.rb:135:in `call_app'
web-console (3.7.0) lib/web_console/middleware.rb:30:in `block in call'
web-console (3.7.0) lib/web_console/middleware.rb:20:in `catch'
web-console (3.7.0) lib/web_console/middleware.rb:20:in `call'
actionpack (5.2.4.3) lib/action_dispatch/middleware/show_exceptions.rb:33:in `call'
railties (5.2.4.3) lib/rails/rack/logger.rb:38:in `call_app'
railties (5.2.4.3) lib/rails/rack/logger.rb:26:in `block in call'
activesupport (5.2.4.3) lib/active_support/tagged_logging.rb:71:in `block in tagged'
activesupport (5.2.4.3) lib/active_support/tagged_logging.rb:28:in `tagged'
activesupport (5.2.4.3) lib/active_support/tagged_logging.rb:71:in `tagged'
railties (5.2.4.3) lib/rails/rack/logger.rb:26:in `call'
sprockets-rails (3.2.1) lib/sprockets/rails/quiet_assets.rb:13:in `call'
actionpack (5.2.4.3) lib/action_dispatch/middleware/remote_ip.rb:81:in `call'
actionpack (5.2.4.3) lib/action_dispatch/middleware/request_id.rb:27:in `call'
rack (2.2.3) lib/rack/method_override.rb:24:in `call'
rack (2.2.3) lib/rack/runtime.rb:22:in `call'
activesupport (5.2.4.3) lib/active_support/cache/strategy/local_cache_middleware.rb:29:in `call'
actionpack (5.2.4.3) lib/action_dispatch/middleware/executor.rb:14:in `call'
actionpack (5.2.4.3) lib/action_dispatch/middleware/static.rb:127:in `call'
rack (2.2.3) lib/rack/sendfile.rb:110:in `call'
railties (5.2.4.3) lib/rails/engine.rb:524:in `call'
puma (3.12.6) lib/puma/configuration.rb:227:in `call'
puma (3.12.6) lib/puma/server.rb:706:in `handle_request'
puma (3.12.6) lib/puma/server.rb:476:in `process_client'
puma (3.12.6) lib/puma/server.rb:334:in `block in run'
puma (3.12.6) lib/puma/thread_pool.rb:135:in `block in spawn_thread'
Started POST "/session/new" for ::1 at 2020-08-18 11:58:39 -0700
  
ActionController::RoutingError (No route matches [POST] "/session/new"):
  
actionpack (5.2.4.3) lib/action_dispatch/middleware/debug_exceptions.rb:65:in `call'
web-console (3.7.0) lib/web_console/middleware.rb:135:in `call_app'
web-console (3.7.0) lib/web_console/middleware.rb:30:in `block in call'
web-console (3.7.0) lib/web_console/middleware.rb:20:in `catch'
web-console (3.7.0) lib/web_console/middleware.rb:20:in `call'
actionpack (5.2.4.3) lib/action_dispatch/middleware/show_exceptions.rb:33:in `call'
railties (5.2.4.3) lib/rails/rack/logger.rb:38:in `call_app'
railties (5.2.4.3) lib/rails/rack/logger.rb:26:in `block in call'
activesupport (5.2.4.3) lib/active_support/tagged_logging.rb:71:in `block in tagged'
activesupport (5.2.4.3) lib/active_support/tagged_logging.rb:28:in `tagged'
activesupport (5.2.4.3) lib/active_support/tagged_logging.rb:71:in `tagged'
railties (5.2.4.3) lib/rails/rack/logger.rb:26:in `call'
sprockets-rails (3.2.1) lib/sprockets/rails/quiet_assets.rb:13:in `call'
actionpack (5.2.4.3) lib/action_dispatch/middleware/remote_ip.rb:81:in `call'
actionpack (5.2.4.3) lib/action_dispatch/middleware/request_id.rb:27:in `call'
rack (2.2.3) lib/rack/method_override.rb:24:in `call'
rack (2.2.3) lib/rack/runtime.rb:22:in `call'
activesupport (5.2.4.3) lib/active_support/cache/strategy/local_cache_middleware.rb:29:in `call'
actionpack (5.2.4.3) lib/action_dispatch/middleware/executor.rb:14:in `call'
actionpack (5.2.4.3) lib/action_dispatch/middleware/static.rb:127:in `call'
rack (2.2.3) lib/rack/sendfile.rb:110:in `call'
railties (5.2.4.3) lib/rails/engine.rb:524:in `call'
puma (3.12.6) lib/puma/configuration.rb:227:in `call'
puma (3.12.6) lib/puma/server.rb:706:in `handle_request'
puma (3.12.6) lib/puma/server.rb:476:in `process_client'
puma (3.12.6) lib/puma/server.rb:334:in `block in run'
puma (3.12.6) lib/puma/thread_pool.rb:135:in `block in spawn_thread'
Started POST "/session/new" for ::1 at 2020-08-18 11:59:47 -0700
  
ActionController::RoutingError (No route matches [POST] "/session/new"):
  
actionpack (5.2.4.3) lib/action_dispatch/middleware/debug_exceptions.rb:65:in `call'
web-console (3.7.0) lib/web_console/middleware.rb:135:in `call_app'
web-console (3.7.0) lib/web_console/middleware.rb:30:in `block in call'
web-console (3.7.0) lib/web_console/middleware.rb:20:in `catch'
web-console (3.7.0) lib/web_console/middleware.rb:20:in `call'
actionpack (5.2.4.3) lib/action_dispatch/middleware/show_exceptions.rb:33:in `call'
railties (5.2.4.3) lib/rails/rack/logger.rb:38:in `call_app'
railties (5.2.4.3) lib/rails/rack/logger.rb:26:in `block in call'
activesupport (5.2.4.3) lib/active_support/tagged_logging.rb:71:in `block in tagged'
activesupport (5.2.4.3) lib/active_support/tagged_logging.rb:28:in `tagged'
activesupport (5.2.4.3) lib/active_support/tagged_logging.rb:71:in `tagged'
railties (5.2.4.3) lib/rails/rack/logger.rb:26:in `call'
sprockets-rails (3.2.1) lib/sprockets/rails/quiet_assets.rb:13:in `call'
actionpack (5.2.4.3) lib/action_dispatch/middleware/remote_ip.rb:81:in `call'
actionpack (5.2.4.3) lib/action_dispatch/middleware/request_id.rb:27:in `call'
rack (2.2.3) lib/rack/method_override.rb:24:in `call'
rack (2.2.3) lib/rack/runtime.rb:22:in `call'
activesupport (5.2.4.3) lib/active_support/cache/strategy/local_cache_middleware.rb:29:in `call'
actionpack (5.2.4.3) lib/action_dispatch/middleware/executor.rb:14:in `call'
actionpack (5.2.4.3) lib/action_dispatch/middleware/static.rb:127:in `call'
rack (2.2.3) lib/rack/sendfile.rb:110:in `call'
railties (5.2.4.3) lib/rails/engine.rb:524:in `call'
puma (3.12.6) lib/puma/configuration.rb:227:in `call'
puma (3.12.6) lib/puma/server.rb:706:in `handle_request'
puma (3.12.6) lib/puma/server.rb:476:in `process_client'
puma (3.12.6) lib/puma/server.rb:334:in `block in run'
puma (3.12.6) lib/puma/thread_pool.rb:135:in `block in spawn_thread'
Started GET "/users/new" for ::1 at 2020-08-18 12:00:14 -0700
  [1m[35m (3.4ms)[0m  [1m[34mSELECT "schema_migrations"."version" FROM "schema_migrations" ORDER BY "schema_migrations"."version" ASC[0m
  ↳ /Users/travisholter/.rbenv/versions/2.5.1/lib/ruby/gems/2.5.0/gems/activerecord-5.2.4.3/lib/active_record/log_subscriber.rb:98
Processing by UsersController#new as HTML
  Rendering users/new.html.erb within layouts/application
  Rendered users/new.html.erb within layouts/application (4.4ms)
  [1m[36mUser Load (1.1ms)[0m  [1m[34mSELECT  "users".* FROM "users" WHERE "users"."session_token" IS NULL LIMIT $1[0m  [["LIMIT", 1]]
  ↳ app/controllers/application_controller.rb:5
Completed 200 OK in 762ms (Views: 684.4ms | ActiveRecord: 26.5ms)


Started POST "/session" for ::1 at 2020-08-18 12:01:14 -0700

ActionController::RoutingError - uninitialized constant SessionController:

Started POST "/__better_errors/34dd4d7d1394832a/variables" for ::1 at 2020-08-18 12:01:15 -0700
Started POST "/session" for ::1 at 2020-08-18 12:02:19 -0700
Processing by SessionController#create as HTML
  Parameters: {"authenticity_token"=>"aP28GQt61TRoVKCoq/URY00i7czuZQRohUI6e5GdQpRwTqNJAslLFIe+6ZWIZH3tNZwFJnFvtzRYne8hUwqiZw==", "user"=>{"email"=>"asdf", "password"=>"[FILTERED]"}}
  [1m[36mUser Load (9.6ms)[0m  [1m[34mSELECT  "users".* FROM "users" WHERE "users"."email" = $1 LIMIT $2[0m  [["email", "asdf"], ["LIMIT", 1]]
  ↳ app/models/user.rb:20
Completed 500 Internal Server Error in 185ms (ActiveRecord: 17.3ms)



ActionView::MissingTemplate - Missing template session/new, application/new with {:locale=>[:en], :formats=>[:html], :variants=>[], :handlers=>[:raw, :erb, :html, :builder, :ruby, :coffee, :jbuilder]}. Searched in:
  * "/Users/travisholter/Desktop/homework/W7D2/music_app/app/views"
:
  app/controllers/session_controller.rb:10:in `create'

Started POST "/__better_errors/077057b523e32585/variables" for ::1 at 2020-08-18 12:02:20 -0700
Started POST "/session" for ::1 at 2020-08-18 12:03:31 -0700
Processing by SessionController#create as HTML
  Parameters: {"authenticity_token"=>"aP28GQt61TRoVKCoq/URY00i7czuZQRohUI6e5GdQpRwTqNJAslLFIe+6ZWIZH3tNZwFJnFvtzRYne8hUwqiZw==", "user"=>{"email"=>"asdf", "password"=>"[FILTERED]"}}
  [1m[36mUser Load (5.0ms)[0m  [1m[34mSELECT  "users".* FROM "users" WHERE "users"."email" = $1 LIMIT $2[0m  [["email", "asdf"], ["LIMIT", 1]]
  ↳ app/models/user.rb:20
  Rendering session/new.html.erb within layouts/application
  Rendered session/new.html.erb within layouts/application (9.3ms)
  [1m[36mUser Load (0.5ms)[0m  [1m[34mSELECT  "users".* FROM "users" WHERE "users"."session_token" IS NULL LIMIT $1[0m  [["LIMIT", 1]]
  ↳ app/controllers/application_controller.rb:5
Completed 422 Unprocessable Entity in 562ms (Views: 481.1ms | ActiveRecord: 5.6ms)


Started POST "/session" for ::1 at 2020-08-18 12:03:46 -0700
Processing by SessionController#create as HTML
  Parameters: {"authenticity_token"=>"As5Mv0LSunwCZqk7x2Kt/47F96BeFYLud6TdaJow1AEafVPvS2EkXO2M4Abk88Fx9nsfSsEfMbKqewgyWKc08g==", "user"=>{"email"=>"travisjh@gmail.com", "password"=>"[FILTERED]"}}
  [1m[36mUser Load (8.7ms)[0m  [1m[34mSELECT  "users".* FROM "users" WHERE "users"."email" = $1 LIMIT $2[0m  [["email", "travisjh@gmail.com"], ["LIMIT", 1]]
  ↳ app/models/user.rb:20
  Rendering session/new.html.erb within layouts/application
  Rendered session/new.html.erb within layouts/application (1.1ms)
  [1m[36mUser Load (0.8ms)[0m  [1m[34mSELECT  "users".* FROM "users" WHERE "users"."session_token" IS NULL LIMIT $1[0m  [["LIMIT", 1]]
  ↳ app/controllers/application_controller.rb:5
Completed 422 Unprocessable Entity in 983ms (Views: 238.4ms | ActiveRecord: 31.1ms)


  [1m[36mUser Load (1.1ms)[0m  [1m[34mSELECT  "users".* FROM "users" ORDER BY "users"."id" ASC LIMIT $1[0m  [["LIMIT", 1]]
  [1m[36mUser Load (9.2ms)[0m  [1m[34mSELECT  "users".* FROM "users" ORDER BY "users"."id" ASC LIMIT $1[0m  [["LIMIT", 1]]
Started POST "/session" for ::1 at 2020-08-18 12:04:59 -0700
Processing by SessionController#create as HTML
  Parameters: {"authenticity_token"=>"eimStXzojqERDtiZjRGJdWCs+y77xBLyUbegCNiAVBRimo3ldVsQgf7kkaSugOX7GBITxGTOoa6MaHVSGhe05w==", "user"=>{"email"=>"travisjh@gmail.com", "password"=>"[FILTERED]"}}
  [1m[36mUser Load (8.1ms)[0m  [1m[34mSELECT  "users".* FROM "users" WHERE "users"."email" = $1 LIMIT $2[0m  [["email", "travisjh@gmail.com"], ["LIMIT", 1]]
  ↳ app/models/user.rb:20
  [1m[35m (7.9ms)[0m  [1m[35mBEGIN[0m
  ↳ app/models/user.rb:27
  [1m[36mUser Exists (2.4ms)[0m  [1m[34mSELECT  1 AS one FROM "users" WHERE "users"."email" = $1 AND "users"."id" != $2 LIMIT $3[0m  [["email", "travisjh@gmail.com"], ["id", 1], ["LIMIT", 1]]
  ↳ app/models/user.rb:27
  [1m[36mUser Exists (0.9ms)[0m  [1m[34mSELECT  1 AS one FROM "users" WHERE "users"."session_token" = $1 AND "users"."id" != $2 LIMIT $3[0m  [["session_token", "weZnM24fXz7GDQVMhwT78g"], ["id", 1], ["LIMIT", 1]]
  ↳ app/models/user.rb:27
  [1m[36mUser Update (51.8ms)[0m  [1m[33mUPDATE "users" SET "session_token" = $1, "updated_at" = $2 WHERE "users"."id" = $3[0m  [["session_token", "weZnM24fXz7GDQVMhwT78g"], ["updated_at", "2020-08-18 19:05:00.527352"], ["id", 1]]
  ↳ app/models/user.rb:27
  [1m[35m (4.4ms)[0m  [1m[35mCOMMIT[0m
  ↳ app/models/user.rb:27
Redirected to http://localhost:3000/users
Completed 302 Found in 602ms (ActiveRecord: 75.6ms)


Started GET "/users" for ::1 at 2020-08-18 12:05:00 -0700

AbstractController::ActionNotFound - The action 'index' could not be found for UsersController:

Started POST "/__better_errors/b6bc769893c3e899/variables" for ::1 at 2020-08-18 12:05:01 -0700
Started GET "/users/1" for ::1 at 2020-08-18 12:10:08 -0700

AbstractController::ActionNotFound - The action 'show' could not be found for UsersController:

Started POST "/__better_errors/865bba729cbd6e2c/variables" for ::1 at 2020-08-18 12:10:08 -0700
Started POST "/__better_errors/b6bc769893c3e899/variables" for ::1 at 2020-08-18 12:10:31 -0700
Started POST "/__better_errors/865bba729cbd6e2c/variables" for ::1 at 2020-08-18 12:10:46 -0700
Started GET "/users" for ::1 at 2020-08-18 12:11:03 -0700

AbstractController::ActionNotFound - The action 'index' could not be found for UsersController:

Started POST "/__better_errors/2ef18c03821bc53c/variables" for ::1 at 2020-08-18 12:11:04 -0700
Started GET "/users/new" for ::1 at 2020-08-18 12:11:08 -0700
Processing by UsersController#new as HTML
  Rendering users/new.html.erb within layouts/application
  Rendered users/new.html.erb within layouts/application (4.7ms)
  [1m[36mUser Load (2.5ms)[0m  [1m[34mSELECT  "users".* FROM "users" WHERE "users"."session_token" = $1 LIMIT $2[0m  [["session_token", "weZnM24fXz7GDQVMhwT78g"], ["LIMIT", 1]]
  ↳ app/controllers/application_controller.rb:5
Completed 500 Internal Server Error in 414ms (ActiveRecord: 2.5ms)



ActionView::Template::Error - No route matches {:action=>"destroy", :controller=>"session"}, missing required keys: [:id]:
  app/views/layouts/application.html.erb:15:in `view template'
  app/controllers/users_controller.rb:5:in `new'

Started POST "/__better_errors/bae2021901af54e2/variables" for ::1 at 2020-08-18 12:11:09 -0700
Started GET "/users/new" for ::1 at 2020-08-18 12:12:17 -0700
Processing by UsersController#new as HTML
  Rendering users/new.html.erb within layouts/application
  Rendered users/new.html.erb within layouts/application (2.2ms)
  [1m[36mUser Load (0.5ms)[0m  [1m[34mSELECT  "users".* FROM "users" WHERE "users"."session_token" = $1 LIMIT $2[0m  [["session_token", "weZnM24fXz7GDQVMhwT78g"], ["LIMIT", 1]]
  ↳ app/controllers/application_controller.rb:5
Completed 500 Internal Server Error in 177ms (ActiveRecord: 0.5ms)



ActionView::Template::Error - No route matches {:action=>"destroy", :controller=>"session"}, missing required keys: [:id]:
  app/views/layouts/application.html.erb:15:in `view template'
  app/controllers/users_controller.rb:5:in `new'

Started POST "/__better_errors/1c72c718ad3a0bbf/variables" for ::1 at 2020-08-18 12:12:17 -0700
Started GET "/users/new" for ::1 at 2020-08-18 12:13:00 -0700
Processing by UsersController#new as HTML
  Rendering users/new.html.erb within layouts/application
  Rendered users/new.html.erb within layouts/application (42.3ms)
  [1m[36mUser Load (1.0ms)[0m  [1m[34mSELECT  "users".* FROM "users" WHERE "users"."session_token" = $1 LIMIT $2[0m  [["session_token", "weZnM24fXz7GDQVMhwT78g"], ["LIMIT", 1]]
  ↳ app/controllers/application_controller.rb:5
Completed 500 Internal Server Error in 676ms (ActiveRecord: 1.0ms)



ActionView::Template::Error - No route matches {:action=>"destroy", :controller=>"session"}, missing required keys: [:id]:
  app/views/layouts/application.html.erb:15:in `view template'
  app/controllers/users_controller.rb:5:in `new'

Started POST "/__better_errors/22a2e300dce95a08/variables" for ::1 at 2020-08-18 12:13:01 -0700
Started GET "/users/new" for ::1 at 2020-08-18 12:14:48 -0700
Processing by UsersController#new as HTML
  Rendering users/new.html.erb within layouts/application
  Rendered users/new.html.erb within layouts/application (2.3ms)
  [1m[36mUser Load (1.6ms)[0m  [1m[34mSELECT  "users".* FROM "users" WHERE "users"."session_token" = $1 LIMIT $2[0m  [["session_token", "weZnM24fXz7GDQVMhwT78g"], ["LIMIT", 1]]
  ↳ app/controllers/application_controller.rb:5
Completed 200 OK in 153ms (Views: 147.8ms | ActiveRecord: 1.6ms)


Started DELETE "/session/weZnM24fXz7GDQVMhwT78g%" for ::1 at 2020-08-18 12:14:56 -0700

AbstractController::ActionNotFound - The action 'destroy' could not be found for SessionController:

Started POST "/__better_errors/37307e4699cf90b9/variables" for ::1 at 2020-08-18 12:14:56 -0700
Started DELETE "/session/weZnM24fXz7GDQVMhwT78g%" for ::1 at 2020-08-18 12:21:50 -0700
Processing by SessionController#destroy as HTML
  Parameters: {"authenticity_token"=>"gjUIHzXupMGWu/fuDV/4rh4iL5EJtG/xEK7Ztg8T4W+ahhdPPF064XlRvtMuzpQgZpzHe5a+3K3NcQzszYQBnA==", "id"=>"weZnM24fXz7GDQVMhwT78g%"}
Completed 500 Internal Server Error in 49ms (ActiveRecord: 0.0ms)



NoMethodError - undefined method `reset_session_token' for nil:NilClass:
  app/controllers/application_controller.rb:18:in `logout!'
  app/controllers/session_controller.rb:19:in `destroy'

Started POST "/__better_errors/743e59ccd1f9189b/variables" for ::1 at 2020-08-18 12:21:51 -0700
Started DELETE "/session/weZnM24fXz7GDQVMhwT78g%" for ::1 at 2020-08-18 12:23:06 -0700
Processing by SessionController#destroy as HTML
  Parameters: {"authenticity_token"=>"gjUIHzXupMGWu/fuDV/4rh4iL5EJtG/xEK7Ztg8T4W+ahhdPPF064XlRvtMuzpQgZpzHe5a+3K3NcQzszYQBnA==", "id"=>"weZnM24fXz7GDQVMhwT78g%"}
Completed 500 Internal Server Error in 12ms (ActiveRecord: 0.0ms)



NoMethodError - undefined method `reset_session_token!' for nil:NilClass:
  app/controllers/application_controller.rb:18:in `logout!'
  app/controllers/session_controller.rb:19:in `destroy'

Started POST "/__better_errors/5140a62723b1331a/variables" for ::1 at 2020-08-18 12:23:06 -0700
Started DELETE "/session/weZnM24fXz7GDQVMhwT78g%" for ::1 at 2020-08-18 12:23:43 -0700
Processing by SessionController#destroy as HTML
  Parameters: {"authenticity_token"=>"gjUIHzXupMGWu/fuDV/4rh4iL5EJtG/xEK7Ztg8T4W+ahhdPPF064XlRvtMuzpQgZpzHe5a+3K3NcQzszYQBnA==", "id"=>"weZnM24fXz7GDQVMhwT78g%"}
  [1m[36mUser Load (1.8ms)[0m  [1m[34mSELECT  "users".* FROM "users" WHERE "users"."session_token" = $1 LIMIT $2[0m  [["session_token", "weZnM24fXz7GDQVMhwT78g"], ["LIMIT", 1]]
  ↳ app/controllers/application_controller.rb:5
  [1m[35m (1.4ms)[0m  [1m[35mBEGIN[0m
  ↳ app/models/user.rb:27
  [1m[36mUser Exists (3.5ms)[0m  [1m[34mSELECT  1 AS one FROM "users" WHERE "users"."email" = $1 AND "users"."id" != $2 LIMIT $3[0m  [["email", "travisjh@gmail.com"], ["id", 1], ["LIMIT", 1]]
  ↳ app/models/user.rb:27
  [1m[36mUser Exists (1.1ms)[0m  [1m[34mSELECT  1 AS one FROM "users" WHERE "users"."session_token" = $1 AND "users"."id" != $2 LIMIT $3[0m  [["session_token", "vlyh5eA8MqSB_K4BTNe_JA"], ["id", 1], ["LIMIT", 1]]
  ↳ app/models/user.rb:27
  [1m[36mUser Update (3.8ms)[0m  [1m[33mUPDATE "users" SET "session_token" = $1, "updated_at" = $2 WHERE "users"."id" = $3[0m  [["session_token", "vlyh5eA8MqSB_K4BTNe_JA"], ["updated_at", "2020-08-18 19:23:43.666736"], ["id", 1]]
  ↳ app/models/user.rb:27
  [1m[35m (6.8ms)[0m  [1m[35mCOMMIT[0m
  ↳ app/models/user.rb:27
Redirected to http://localhost:3000/session/new
Completed 302 Found in 184ms (ActiveRecord: 54.5ms)


Started GET "/session/new" for ::1 at 2020-08-18 12:23:43 -0700
Processing by SessionController#new as HTML
  Rendering session/new.html.erb within layouts/application
  Rendered session/new.html.erb within layouts/application (1.4ms)
  [1m[36mUser Load (0.3ms)[0m  [1m[34mSELECT  "users".* FROM "users" WHERE "users"."session_token" IS NULL LIMIT $1[0m  [["LIMIT", 1]]
  ↳ app/controllers/application_controller.rb:5
Completed 200 OK in 241ms (Views: 235.0ms | ActiveRecord: 0.3ms)


Started GET "/session/new" for ::1 at 2020-08-18 12:27:09 -0700
Processing by SessionController#new as HTML
  Rendering session/new.html.erb within layouts/application
  Rendered session/new.html.erb within layouts/application (2.1ms)
  [1m[36mUser Load (1.0ms)[0m  [1m[34mSELECT  "users".* FROM "users" WHERE "users"."session_token" IS NULL LIMIT $1[0m  [["LIMIT", 1]]
  ↳ app/controllers/application_controller.rb:5
Completed 200 OK in 142ms (Views: 140.2ms | ActiveRecord: 1.0ms)


Started GET "/session/new" for ::1 at 2020-08-18 12:27:12 -0700
Processing by SessionController#new as HTML
  Rendering session/new.html.erb within layouts/application
  Rendered session/new.html.erb within layouts/application (1.3ms)
  [1m[36mUser Load (0.4ms)[0m  [1m[34mSELECT  "users".* FROM "users" WHERE "users"."session_token" IS NULL LIMIT $1[0m  [["LIMIT", 1]]
  ↳ app/controllers/application_controller.rb:5
Completed 200 OK in 75ms (Views: 74.4ms | ActiveRecord: 0.4ms)


Started GET "/users/new" for ::1 at 2020-08-18 12:27:13 -0700
Processing by UsersController#new as HTML
  Rendering users/new.html.erb within layouts/application
  Rendered users/new.html.erb within layouts/application (1.8ms)
  [1m[36mUser Load (0.4ms)[0m  [1m[34mSELECT  "users".* FROM "users" WHERE "users"."session_token" IS NULL LIMIT $1[0m  [["LIMIT", 1]]
  ↳ app/controllers/application_controller.rb:5
Completed 200 OK in 70ms (Views: 68.2ms | ActiveRecord: 0.4ms)


Started GET "/session/new" for ::1 at 2020-08-18 12:27:14 -0700
Processing by SessionController#new as HTML
  Rendering session/new.html.erb within layouts/application
  Rendered session/new.html.erb within layouts/application (1.0ms)
  [1m[36mUser Load (0.5ms)[0m  [1m[34mSELECT  "users".* FROM "users" WHERE "users"."session_token" IS NULL LIMIT $1[0m  [["LIMIT", 1]]
  ↳ app/controllers/application_controller.rb:5
Completed 200 OK in 134ms (Views: 130.9ms | ActiveRecord: 0.5ms)


Started GET "/users/new" for ::1 at 2020-08-18 12:27:15 -0700
Processing by UsersController#new as HTML
  Rendering users/new.html.erb within layouts/application
  Rendered users/new.html.erb within layouts/application (0.8ms)
  [1m[36mUser Load (0.6ms)[0m  [1m[34mSELECT  "users".* FROM "users" WHERE "users"."session_token" IS NULL LIMIT $1[0m  [["LIMIT", 1]]
  ↳ app/controllers/application_controller.rb:5
Completed 200 OK in 84ms (Views: 82.2ms | ActiveRecord: 0.6ms)


Started GET "/session/new" for ::1 at 2020-08-18 12:27:48 -0700
Processing by SessionController#new as HTML
  Rendering session/new.html.erb within layouts/application
  Rendered session/new.html.erb within layouts/application (1.0ms)
  [1m[36mUser Load (0.4ms)[0m  [1m[34mSELECT  "users".* FROM "users" WHERE "users"."session_token" IS NULL LIMIT $1[0m  [["LIMIT", 1]]
  ↳ app/controllers/application_controller.rb:5
Completed 200 OK in 122ms (Views: 119.9ms | ActiveRecord: 0.4ms)


Started GET "/users/new" for ::1 at 2020-08-18 12:27:50 -0700
Processing by UsersController#new as HTML
  Rendering users/new.html.erb within layouts/application
  Rendered users/new.html.erb within layouts/application (1.3ms)
  [1m[36mUser Load (2.8ms)[0m  [1m[34mSELECT  "users".* FROM "users" WHERE "users"."session_token" IS NULL LIMIT $1[0m  [["LIMIT", 1]]
  ↳ app/controllers/application_controller.rb:5
Completed 200 OK in 95ms (Views: 90.3ms | ActiveRecord: 2.8ms)


Started GET "/session/new" for ::1 at 2020-08-18 12:27:52 -0700
Processing by SessionController#new as HTML
  Rendering session/new.html.erb within layouts/application
  Rendered session/new.html.erb within layouts/application (3.3ms)
  [1m[36mUser Load (0.3ms)[0m  [1m[34mSELECT  "users".* FROM "users" WHERE "users"."session_token" IS NULL LIMIT $1[0m  [["LIMIT", 1]]
  ↳ app/controllers/application_controller.rb:5
Completed 200 OK in 121ms (Views: 118.7ms | ActiveRecord: 0.3ms)


Started POST "/session" for ::1 at 2020-08-18 12:27:57 -0700
Processing by SessionController#create as HTML
  Parameters: {"authenticity_token"=>" 9+lLg4QSffCW59kaNFEYwUUchkAljSCsrT6e23ETBzHvWlTTjaHj0HkNkCcXwHRPPaJuqrqHk/Bw4UuBs4Tnwg== ", "user"=>{"email"=>"travisjh@gmail.com", "password"=>"[FILTERED]"}}
Can't verify CSRF token authenticity.
Completed 422 Unprocessable Entity in 4ms (ActiveRecord: 0.0ms)



ActionController::InvalidAuthenticityToken - ActionController::InvalidAuthenticityToken:

Started POST "/__better_errors/4621ea07d051812c/variables" for ::1 at 2020-08-18 12:27:57 -0700
Started GET "/users/new" for ::1 at 2020-08-18 12:30:58 -0700
  [1m[35m (4.0ms)[0m  [1m[34mSELECT "schema_migrations"."version" FROM "schema_migrations" ORDER BY "schema_migrations"."version" ASC[0m
  ↳ /Users/travisholter/.rbenv/versions/2.5.1/lib/ruby/gems/2.5.0/gems/activerecord-5.2.4.3/lib/active_record/log_subscriber.rb:98
Processing by UsersController#new as HTML
  Rendering users/new.html.erb within layouts/application
  Rendered users/new.html.erb within layouts/application (4.2ms)
  [1m[36mUser Load (5.5ms)[0m  [1m[34mSELECT  "users".* FROM "users" WHERE "users"."session_token" IS NULL LIMIT $1[0m  [["LIMIT", 1]]
  ↳ app/controllers/application_controller.rb:5
Completed 200 OK in 634ms (Views: 555.8ms | ActiveRecord: 27.1ms)


Started POST "/session" for ::1 at 2020-08-18 12:31:10 -0700
Processing by SessionController#create as HTML
  Parameters: {"authenticity_token"=>"2yaTuk6Y7PqCyk2w+09EF/xosPLCS4W1O415IuIAA+TDlYzqRyty2m0gBI3Y3iiZhNZYGF1BNunmUqx4IJfjFw==", "user"=>{"email"=>"travisjh@gmail.com", "password"=>"[FILTERED]"}}
  [1m[36mUser Load (1.1ms)[0m  [1m[34mSELECT  "users".* FROM "users" WHERE "users"."email" = $1 LIMIT $2[0m  [["email", "travisjh@gmail.com"], ["LIMIT", 1]]
  ↳ app/models/user.rb:20
  [1m[35m (0.2ms)[0m  [1m[35mBEGIN[0m
  ↳ app/models/user.rb:27
  [1m[36mUser Exists (0.7ms)[0m  [1m[34mSELECT  1 AS one FROM "users" WHERE "users"."email" = $1 AND "users"."id" != $2 LIMIT $3[0m  [["email", "travisjh@gmail.com"], ["id", 1], ["LIMIT", 1]]
  ↳ app/models/user.rb:27
  [1m[36mUser Exists (1.4ms)[0m  [1m[34mSELECT  1 AS one FROM "users" WHERE "users"."session_token" = $1 AND "users"."id" != $2 LIMIT $3[0m  [["session_token", "_5NmR7k6uRb6xIlLgsFMVQ"], ["id", 1], ["LIMIT", 1]]
  ↳ app/models/user.rb:27
  [1m[36mUser Update (1.7ms)[0m  [1m[33mUPDATE "users" SET "session_token" = $1, "updated_at" = $2 WHERE "users"."id" = $3[0m  [["session_token", "_5NmR7k6uRb6xIlLgsFMVQ"], ["updated_at", "2020-08-18 19:31:10.637197"], ["id", 1]]
  ↳ app/models/user.rb:27
  [1m[35m (2.2ms)[0m  [1m[35mCOMMIT[0m
  ↳ app/models/user.rb:27
Redirected to http://localhost:3000/users
Completed 302 Found in 421ms (ActiveRecord: 7.4ms)


Started GET "/users" for ::1 at 2020-08-18 12:31:10 -0700

AbstractController::ActionNotFound - The action 'index' could not be found for UsersController:

Started POST "/__better_errors/0e92e7281f11f529/variables" for ::1 at 2020-08-18 12:31:10 -0700
Started POST "/session" for ::1 at 2020-08-18 12:38:58 -0700
Processing by SessionController#create as HTML
  Parameters: {"authenticity_token"=>"2yaTuk6Y7PqCyk2w+09EF/xosPLCS4W1O415IuIAA+TDlYzqRyty2m0gBI3Y3iiZhNZYGF1BNunmUqx4IJfjFw==", "user"=>{"email"=>"travisjh@gmail.com", "password"=>"[FILTERED]"}}
  [1m[36mUser Load (2.7ms)[0m  [1m[34mSELECT  "users".* FROM "users" WHERE "users"."email" = $1 LIMIT $2[0m  [["email", "travisjh@gmail.com"], ["LIMIT", 1]]
  ↳ app/models/user.rb:20
  [1m[35m (0.2ms)[0m  [1m[35mBEGIN[0m
  ↳ app/models/user.rb:27
  [1m[36mUser Exists (0.6ms)[0m  [1m[34mSELECT  1 AS one FROM "users" WHERE "users"."email" = $1 AND "users"."id" != $2 LIMIT $3[0m  [["email", "travisjh@gmail.com"], ["id", 1], ["LIMIT", 1]]
  ↳ app/models/user.rb:27
  [1m[36mUser Exists (0.7ms)[0m  [1m[34mSELECT  1 AS one FROM "users" WHERE "users"."session_token" = $1 AND "users"."id" != $2 LIMIT $3[0m  [["session_token", "VxMIAswm9dq5ordLzzzs2Q"], ["id", 1], ["LIMIT", 1]]
  ↳ app/models/user.rb:27
  [1m[36mUser Update (0.9ms)[0m  [1m[33mUPDATE "users" SET "session_token" = $1, "updated_at" = $2 WHERE "users"."id" = $3[0m  [["session_token", "VxMIAswm9dq5ordLzzzs2Q"], ["updated_at", "2020-08-18 19:38:59.043863"], ["id", 1]]
  ↳ app/models/user.rb:27
  [1m[35m (23.3ms)[0m  [1m[35mCOMMIT[0m
  ↳ app/models/user.rb:27
Completed 500 Internal Server Error in 485ms (ActiveRecord: 74.1ms)



ActionController::UrlGenerationError - No route matches {:action=>"show", :controller=>"users"}, missing required keys: [:id]:
  app/controllers/session_controller.rb:11:in `create'

Started POST "/__better_errors/3abc6bd1c36489e4/variables" for ::1 at 2020-08-18 12:38:59 -0700
Started GET "/session/new" for ::1 at 2020-08-18 12:39:03 -0700
Processing by SessionController#new as HTML
  Rendering session/new.html.erb within layouts/application
  Rendered session/new.html.erb within layouts/application (3.0ms)
  [1m[36mUser Load (0.5ms)[0m  [1m[34mSELECT  "users".* FROM "users" WHERE "users"."session_token" = $1 LIMIT $2[0m  [["session_token", "_5NmR7k6uRb6xIlLgsFMVQ"], ["LIMIT", 1]]
  ↳ app/controllers/application_controller.rb:5
Completed 200 OK in 202ms (Views: 200.8ms | ActiveRecord: 0.5ms)


Started GET "/users/new" for ::1 at 2020-08-18 12:39:09 -0700
Processing by UsersController#new as HTML
  Rendering users/new.html.erb within layouts/application
  Rendered users/new.html.erb within layouts/application (1.5ms)
  [1m[36mUser Load (1.1ms)[0m  [1m[34mSELECT  "users".* FROM "users" WHERE "users"."session_token" = $1 LIMIT $2[0m  [["session_token", "_5NmR7k6uRb6xIlLgsFMVQ"], ["LIMIT", 1]]
  ↳ app/controllers/application_controller.rb:5
Completed 200 OK in 186ms (Views: 179.2ms | ActiveRecord: 1.1ms)


Started GET "/session/new" for ::1 at 2020-08-18 12:39:10 -0700
Processing by SessionController#new as HTML
  Rendering session/new.html.erb within layouts/application
  Rendered session/new.html.erb within layouts/application (2.2ms)
  [1m[36mUser Load (1.7ms)[0m  [1m[34mSELECT  "users".* FROM "users" WHERE "users"."session_token" = $1 LIMIT $2[0m  [["session_token", "_5NmR7k6uRb6xIlLgsFMVQ"], ["LIMIT", 1]]
  ↳ app/controllers/application_controller.rb:5
Completed 200 OK in 187ms (Views: 181.0ms | ActiveRecord: 1.7ms)


Started GET "/users/new" for ::1 at 2020-08-18 12:39:11 -0700
Processing by UsersController#new as HTML
  Rendering users/new.html.erb within layouts/application
  Rendered users/new.html.erb within layouts/application (1.4ms)
  [1m[36mUser Load (9.9ms)[0m  [1m[34mSELECT  "users".* FROM "users" WHERE "users"."session_token" = $1 LIMIT $2[0m  [["session_token", "_5NmR7k6uRb6xIlLgsFMVQ"], ["LIMIT", 1]]
  ↳ app/controllers/application_controller.rb:5
Completed 200 OK in 209ms (Views: 197.4ms | ActiveRecord: 9.9ms)


Started GET "/session/new" for ::1 at 2020-08-18 12:39:12 -0700
Processing by SessionController#new as HTML
  Rendering session/new.html.erb within layouts/application
  Rendered session/new.html.erb within layouts/application (1.0ms)
  [1m[36mUser Load (0.7ms)[0m  [1m[34mSELECT  "users".* FROM "users" WHERE "users"."session_token" = $1 LIMIT $2[0m  [["session_token", "_5NmR7k6uRb6xIlLgsFMVQ"], ["LIMIT", 1]]
  ↳ app/controllers/application_controller.rb:5
Completed 200 OK in 118ms (Views: 116.2ms | ActiveRecord: 0.7ms)


Started GET "/users/new" for ::1 at 2020-08-18 12:39:13 -0700
Processing by UsersController#new as HTML
  Rendering users/new.html.erb within layouts/application
  Rendered users/new.html.erb within layouts/application (2.5ms)
  [1m[36mUser Load (0.6ms)[0m  [1m[34mSELECT  "users".* FROM "users" WHERE "users"."session_token" = $1 LIMIT $2[0m  [["session_token", "_5NmR7k6uRb6xIlLgsFMVQ"], ["LIMIT", 1]]
  ↳ app/controllers/application_controller.rb:5
Completed 200 OK in 138ms (Views: 136.1ms | ActiveRecord: 0.6ms)


Started GET "/session/new" for ::1 at 2020-08-18 12:39:13 -0700
Processing by SessionController#new as HTML
  Rendering session/new.html.erb within layouts/application
  Rendered session/new.html.erb within layouts/application (0.9ms)
  [1m[36mUser Load (0.4ms)[0m  [1m[34mSELECT  "users".* FROM "users" WHERE "users"."session_token" = $1 LIMIT $2[0m  [["session_token", "_5NmR7k6uRb6xIlLgsFMVQ"], ["LIMIT", 1]]
  ↳ app/controllers/application_controller.rb:5
Completed 200 OK in 90ms (Views: 89.3ms | ActiveRecord: 0.4ms)


Started POST "/session" for ::1 at 2020-08-18 12:39:18 -0700
Processing by SessionController#create as HTML
  Parameters: {"authenticity_token"=>" 1zG5z5kdvaRtWfP8qa4SSSeJvQBZM0yktjkcXAplNCTPgqafkK4jhIKzusGKP37HXzdV6sY5//hr5skGyPLU1w== ", "user"=>{"email"=>"travisjh@gmail.com", "password"=>"[FILTERED]"}}
Can't verify CSRF token authenticity.
Completed 422 Unprocessable Entity in 3ms (ActiveRecord: 0.0ms)



ActionController::InvalidAuthenticityToken - ActionController::InvalidAuthenticityToken:

Started POST "/__better_errors/e370b9fd80960636/variables" for ::1 at 2020-08-18 12:39:19 -0700
Started GET "/users/new" for ::1 at 2020-08-18 12:44:23 -0700
Processing by UsersController#new as HTML
  Rendering users/new.html.erb within layouts/application
  Rendered users/new.html.erb within layouts/application (4.7ms)
  [1m[36mUser Load (0.5ms)[0m  [1m[34mSELECT  "users".* FROM "users" WHERE "users"."session_token" = $1 LIMIT $2[0m  [["session_token", "_5NmR7k6uRb6xIlLgsFMVQ"], ["LIMIT", 1]]
  ↳ app/controllers/application_controller.rb:5
Completed 200 OK in 263ms (Views: 194.6ms | ActiveRecord: 13.9ms)


Started GET "/session/new" for ::1 at 2020-08-18 12:44:26 -0700
Processing by SessionController#new as HTML
  Rendering session/new.html.erb within layouts/application
  Rendered session/new.html.erb within layouts/application (0.8ms)
  [1m[36mUser Load (0.3ms)[0m  [1m[34mSELECT  "users".* FROM "users" WHERE "users"."session_token" = $1 LIMIT $2[0m  [["session_token", "_5NmR7k6uRb6xIlLgsFMVQ"], ["LIMIT", 1]]
  ↳ app/controllers/application_controller.rb:5
Completed 200 OK in 87ms (Views: 75.9ms | ActiveRecord: 0.3ms)


Started GET "/users/new" for ::1 at 2020-08-18 12:44:27 -0700
Processing by UsersController#new as HTML
  Rendering users/new.html.erb within layouts/application
  Rendered users/new.html.erb within layouts/application (0.9ms)
  [1m[36mUser Load (1.2ms)[0m  [1m[34mSELECT  "users".* FROM "users" WHERE "users"."session_token" = $1 LIMIT $2[0m  [["session_token", "_5NmR7k6uRb6xIlLgsFMVQ"], ["LIMIT", 1]]
  ↳ app/controllers/application_controller.rb:5
Completed 200 OK in 82ms (Views: 78.8ms | ActiveRecord: 1.2ms)


Started GET "/session/new" for ::1 at 2020-08-18 12:44:30 -0700
Processing by SessionController#new as HTML
  Rendering session/new.html.erb within layouts/application
  Rendered session/new.html.erb within layouts/application (0.7ms)
  [1m[36mUser Load (0.3ms)[0m  [1m[34mSELECT  "users".* FROM "users" WHERE "users"."session_token" = $1 LIMIT $2[0m  [["session_token", "_5NmR7k6uRb6xIlLgsFMVQ"], ["LIMIT", 1]]
  ↳ app/controllers/application_controller.rb:5
Completed 200 OK in 94ms (Views: 92.4ms | ActiveRecord: 0.3ms)


Started POST "/session" for ::1 at 2020-08-18 12:44:36 -0700
Processing by SessionController#create as HTML
  Parameters: {"authenticity_token"=>" 0j0PV2q6UKJtLA6FyCXSBuKjYMc87xXbzKAFxOODN9/KjhAHYwnOgoLGR7jrtL6Imh2ILaPlpocRf9CeIRTXLA== ", "user"=>{"email"=>"travisjh@gmail.com", "password"=>"[FILTERED]"}}
Can't verify CSRF token authenticity.
Completed 422 Unprocessable Entity in 4ms (ActiveRecord: 0.0ms)



ActionController::InvalidAuthenticityToken - ActionController::InvalidAuthenticityToken:

Started POST "/__better_errors/e7f4b11623bd53e9/variables" for ::1 at 2020-08-18 12:44:36 -0700
Started GET "/session/new" for ::1 at 2020-08-18 12:45:11 -0700
  [1m[35m (3.3ms)[0m  [1m[34mSELECT "schema_migrations"."version" FROM "schema_migrations" ORDER BY "schema_migrations"."version" ASC[0m
  ↳ /Users/travisholter/.rbenv/versions/2.5.1/lib/ruby/gems/2.5.0/gems/activerecord-5.2.4.3/lib/active_record/log_subscriber.rb:98
Processing by SessionController#new as HTML
  Rendering session/new.html.erb within layouts/application
  Rendered session/new.html.erb within layouts/application (24.2ms)
  [1m[36mUser Load (5.3ms)[0m  [1m[34mSELECT  "users".* FROM "users" WHERE "users"."session_token" = $1 LIMIT $2[0m  [["session_token", "_5NmR7k6uRb6xIlLgsFMVQ"], ["LIMIT", 1]]
  ↳ app/controllers/application_controller.rb:5
Completed 200 OK in 679ms (Views: 645.6ms | ActiveRecord: 24.9ms)


Started POST "/session" for ::1 at 2020-08-18 12:45:17 -0700
Processing by SessionController#create as HTML
  Parameters: {"authenticity_token"=>"itzJJ1RfPN20wfoyyZj2idOnV4oX1fYznnDzKn6ZPmuSb9Z3Xeyi/Vsrsw/qCZoHqxm/YIjfRW9DryZwvA7emA==", "user"=>{"email"=>"travisjh@gmail.com", "password"=>"[FILTERED]"}}
  [1m[36mUser Load (3.0ms)[0m  [1m[34mSELECT  "users".* FROM "users" WHERE "users"."email" = $1 LIMIT $2[0m  [["email", "travisjh@gmail.com"], ["LIMIT", 1]]
  ↳ app/models/user.rb:20
  [1m[35m (0.2ms)[0m  [1m[35mBEGIN[0m
  ↳ app/models/user.rb:27
  [1m[36mUser Exists (7.1ms)[0m  [1m[34mSELECT  1 AS one FROM "users" WHERE "users"."email" = $1 AND "users"."id" != $2 LIMIT $3[0m  [["email", "travisjh@gmail.com"], ["id", 1], ["LIMIT", 1]]
  ↳ app/models/user.rb:27
  [1m[36mUser Exists (1.9ms)[0m  [1m[34mSELECT  1 AS one FROM "users" WHERE "users"."session_token" = $1 AND "users"."id" != $2 LIMIT $3[0m  [["session_token", "jQVFOjhHkKbMRjRPEG_oEw"], ["id", 1], ["LIMIT", 1]]
  ↳ app/models/user.rb:27
  [1m[36mUser Update (6.4ms)[0m  [1m[33mUPDATE "users" SET "session_token" = $1, "updated_at" = $2 WHERE "users"."id" = $3[0m  [["session_token", "jQVFOjhHkKbMRjRPEG_oEw"], ["updated_at", "2020-08-18 19:45:18.141137"], ["id", 1]]
  ↳ app/models/user.rb:27
  [1m[35m (5.7ms)[0m  [1m[35mCOMMIT[0m
  ↳ app/models/user.rb:27
Redirected to http://localhost:3000/users
Completed 302 Found in 561ms (ActiveRecord: 41.5ms)


Started GET "/users" for ::1 at 2020-08-18 12:45:18 -0700
Processing by UsersController#index as HTML
  Rendering users/index.html.erb within layouts/application
  [1m[36mUser Load (13.4ms)[0m  [1m[34mSELECT  "users".* FROM "users" WHERE "users"."session_token" = $1 LIMIT $2[0m  [["session_token", "jQVFOjhHkKbMRjRPEG_oEw"], ["LIMIT", 1]]
  ↳ app/controllers/application_controller.rb:5
  Rendered users/index.html.erb within layouts/application (19.3ms)
Completed 200 OK in 179ms (Views: 164.7ms | ActiveRecord: 13.4ms)


Started DELETE "/session/jQVFOjhHkKbMRjRPEG_oEw%" for ::1 at 2020-08-18 12:45:25 -0700
Processing by SessionController#destroy as HTML
  Parameters: {"authenticity_token"=>"Bfb7WhErFrjuCg07mULyro08MNTkQgdd7TRRlYONp4MdReQKGJiImAHgRAa6054g9YLYPntItAEw64TPQRpHcA==", "id"=>"jQVFOjhHkKbMRjRPEG_oEw%"}
  [1m[36mUser Load (6.2ms)[0m  [1m[34mSELECT  "users".* FROM "users" WHERE "users"."session_token" = $1 LIMIT $2[0m  [["session_token", "jQVFOjhHkKbMRjRPEG_oEw"], ["LIMIT", 1]]
  ↳ app/controllers/application_controller.rb:5
  [1m[35m (0.6ms)[0m  [1m[35mBEGIN[0m
  ↳ app/models/user.rb:27
  [1m[36mUser Exists (1.1ms)[0m  [1m[34mSELECT  1 AS one FROM "users" WHERE "users"."email" = $1 AND "users"."id" != $2 LIMIT $3[0m  [["email", "travisjh@gmail.com"], ["id", 1], ["LIMIT", 1]]
  ↳ app/models/user.rb:27
  [1m[36mUser Exists (3.7ms)[0m  [1m[34mSELECT  1 AS one FROM "users" WHERE "users"."session_token" = $1 AND "users"."id" != $2 LIMIT $3[0m  [["session_token", "uQ-d0vQaTGM_Ta1xyU9z9w"], ["id", 1], ["LIMIT", 1]]
  ↳ app/models/user.rb:27
  [1m[36mUser Update (3.2ms)[0m  [1m[33mUPDATE "users" SET "session_token" = $1, "updated_at" = $2 WHERE "users"."id" = $3[0m  [["session_token", "uQ-d0vQaTGM_Ta1xyU9z9w"], ["updated_at", "2020-08-18 19:45:25.968492"], ["id", 1]]
  ↳ app/models/user.rb:27
  [1m[35m (2.8ms)[0m  [1m[35mCOMMIT[0m
  ↳ app/models/user.rb:27
Redirected to http://localhost:3000/session/new
Completed 302 Found in 31ms (ActiveRecord: 17.6ms)


Started GET "/session/new" for ::1 at 2020-08-18 12:45:25 -0700
Processing by SessionController#new as HTML
  Rendering session/new.html.erb within layouts/application
  Rendered session/new.html.erb within layouts/application (1.0ms)
  [1m[36mUser Load (0.6ms)[0m  [1m[34mSELECT  "users".* FROM "users" WHERE "users"."session_token" IS NULL LIMIT $1[0m  [["LIMIT", 1]]
  ↳ app/controllers/application_controller.rb:5
Completed 200 OK in 142ms (Views: 139.4ms | ActiveRecord: 0.6ms)


Started POST "/session" for ::1 at 2020-08-18 12:45:32 -0700
Processing by SessionController#create as HTML
  Parameters: {"authenticity_token"=>"I//48qAp/ye1IOsn2Gr3gaum+w4/YQuzJ/VJfs6y0pw7TOeiqZphB1rKohr7+5sP0xgT5KBruO/6KpwkDCUybw==", "user"=>{"email"=>"travisjh@gmail.com", "password"=>"[FILTERED]"}}
  [1m[36mUser Load (1.9ms)[0m  [1m[34mSELECT  "users".* FROM "users" WHERE "users"."email" = $1 LIMIT $2[0m  [["email", "travisjh@gmail.com"], ["LIMIT", 1]]
  ↳ app/models/user.rb:20
  [1m[35m (0.5ms)[0m  [1m[35mBEGIN[0m
  ↳ app/models/user.rb:27
  [1m[36mUser Exists (0.5ms)[0m  [1m[34mSELECT  1 AS one FROM "users" WHERE "users"."email" = $1 AND "users"."id" != $2 LIMIT $3[0m  [["email", "travisjh@gmail.com"], ["id", 1], ["LIMIT", 1]]
  ↳ app/models/user.rb:27
  [1m[36mUser Exists (0.5ms)[0m  [1m[34mSELECT  1 AS one FROM "users" WHERE "users"."session_token" = $1 AND "users"."id" != $2 LIMIT $3[0m  [["session_token", "EkgSFQ5rKeopF_5IxBzoyg"], ["id", 1], ["LIMIT", 1]]
  ↳ app/models/user.rb:27
  [1m[36mUser Update (7.3ms)[0m  [1m[33mUPDATE "users" SET "session_token" = $1, "updated_at" = $2 WHERE "users"."id" = $3[0m  [["session_token", "EkgSFQ5rKeopF_5IxBzoyg"], ["updated_at", "2020-08-18 19:45:32.403576"], ["id", 1]]
  ↳ app/models/user.rb:27
  [1m[35m (5.7ms)[0m  [1m[35mCOMMIT[0m
  ↳ app/models/user.rb:27
Redirected to http://localhost:3000/users
Completed 302 Found in 403ms (ActiveRecord: 16.5ms)


Started GET "/users" for ::1 at 2020-08-18 12:45:32 -0700
Processing by UsersController#index as HTML
  Rendering users/index.html.erb within layouts/application
  [1m[36mUser Load (1.0ms)[0m  [1m[34mSELECT  "users".* FROM "users" WHERE "users"."session_token" = $1 LIMIT $2[0m  [["session_token", "EkgSFQ5rKeopF_5IxBzoyg"], ["LIMIT", 1]]
  ↳ app/controllers/application_controller.rb:5
  Rendered users/index.html.erb within layouts/application (12.5ms)
Completed 200 OK in 65ms (Views: 58.0ms | ActiveRecord: 6.8ms)


Started DELETE "/session/EkgSFQ5rKeopF_5IxBzoyg%" for ::1 at 2020-08-18 12:45:37 -0700
Processing by SessionController#destroy as HTML
  Parameters: {"authenticity_token"=>"lcmrFvNpHtR6EG5hBIZmcKalQqNzrt87hPn1FqGwriKNerRG+tqA9JX6J1wnFwr+3huqSeykbGdZJiBMYydO0Q==", "id"=>"EkgSFQ5rKeopF_5IxBzoyg%"}
  [1m[36mUser Load (7.7ms)[0m  [1m[34mSELECT  "users".* FROM "users" WHERE "users"."session_token" = $1 LIMIT $2[0m  [["session_token", "EkgSFQ5rKeopF_5IxBzoyg"], ["LIMIT", 1]]
  ↳ app/controllers/application_controller.rb:5
  [1m[35m (0.8ms)[0m  [1m[35mBEGIN[0m
  ↳ app/models/user.rb:27
  [1m[36mUser Exists (1.8ms)[0m  [1m[34mSELECT  1 AS one FROM "users" WHERE "users"."email" = $1 AND "users"."id" != $2 LIMIT $3[0m  [["email", "travisjh@gmail.com"], ["id", 1], ["LIMIT", 1]]
  ↳ app/models/user.rb:27
  [1m[36mUser Exists (2.9ms)[0m  [1m[34mSELECT  1 AS one FROM "users" WHERE "users"."session_token" = $1 AND "users"."id" != $2 LIMIT $3[0m  [["session_token", "05wlyLUXerZClm2Vc3Q-PA"], ["id", 1], ["LIMIT", 1]]
  ↳ app/models/user.rb:27
  [1m[36mUser Update (3.2ms)[0m  [1m[33mUPDATE "users" SET "session_token" = $1, "updated_at" = $2 WHERE "users"."id" = $3[0m  [["session_token", "05wlyLUXerZClm2Vc3Q-PA"], ["updated_at", "2020-08-18 19:45:37.144752"], ["id", 1]]
  ↳ app/models/user.rb:27
  [1m[35m (3.6ms)[0m  [1m[35mCOMMIT[0m
  ↳ app/models/user.rb:27
Redirected to http://localhost:3000/session/new
Completed 302 Found in 31ms (ActiveRecord: 20.2ms)


Started GET "/session/new" for ::1 at 2020-08-18 12:45:37 -0700
Processing by SessionController#new as HTML
  Rendering session/new.html.erb within layouts/application
  Rendered session/new.html.erb within layouts/application (0.7ms)
  [1m[36mUser Load (0.5ms)[0m  [1m[34mSELECT  "users".* FROM "users" WHERE "users"."session_token" IS NULL LIMIT $1[0m  [["LIMIT", 1]]
  ↳ app/controllers/application_controller.rb:5
Completed 200 OK in 100ms (Views: 98.1ms | ActiveRecord: 0.5ms)


Started GET "/users/new" for ::1 at 2020-08-18 12:45:38 -0700
Processing by UsersController#new as HTML
  Rendering users/new.html.erb within layouts/application
  Rendered users/new.html.erb within layouts/application (0.8ms)
  [1m[36mUser Load (0.5ms)[0m  [1m[34mSELECT  "users".* FROM "users" WHERE "users"."session_token" IS NULL LIMIT $1[0m  [["LIMIT", 1]]
  ↳ app/controllers/application_controller.rb:5
Completed 200 OK in 107ms (Views: 105.7ms | ActiveRecord: 0.5ms)


Started POST "/session" for ::1 at 2020-08-18 12:46:03 -0700
Processing by SessionController#create as HTML
  Parameters: {"authenticity_token"=>" IcS5lMEuUBke9zzeLTkZGSGZT+BQoRPNfdo7Mk+NAjQ5d6bEyJ3OOfEddeMOqHWXWSenCs+roJGgBe5ojRrixw== ", "user"=>{"email"=>"hi@hi.com", "password"=>"[FILTERED]"}}
Can't verify CSRF token authenticity.
Completed 422 Unprocessable Entity in 3ms (ActiveRecord: 0.0ms)



ActionController::InvalidAuthenticityToken - ActionController::InvalidAuthenticityToken:

Started POST "/__better_errors/34d3ebebec02d11c/variables" for ::1 at 2020-08-18 12:46:03 -0700
Started GET "/users/new" for ::1 at 2020-08-18 13:03:24 -0700
  [1m[35m (1.3ms)[0m  [1m[34mSELECT "schema_migrations"."version" FROM "schema_migrations" ORDER BY "schema_migrations"."version" ASC[0m
  ↳ /Users/travisholter/.rbenv/versions/2.5.1/lib/ruby/gems/2.5.0/gems/activerecord-5.2.4.3/lib/active_record/log_subscriber.rb:98
Processing by UsersController#new as HTML
  Rendering users/new.html.erb within layouts/application
  Rendered users/new.html.erb within layouts/application (13.0ms)
  [1m[36mUser Load (2.5ms)[0m  [1m[34mSELECT  "users".* FROM "users" WHERE "users"."session_token" IS NULL LIMIT $1[0m  [["LIMIT", 1]]
  ↳ app/controllers/application_controller.rb:5
Completed 200 OK in 1042ms (Views: 931.6ms | ActiveRecord: 15.2ms)


Started POST "/session" for ::1 at 2020-08-18 13:03:39 -0700
Processing by SessionController#create as HTML
  Parameters: {"authenticity_token"=>"6t81WhAgJXweZ/VJxYGdsnO2yqIhQ3PHS8j/VbY85M3ybCoKGZO7XPGNvHTmEPE8CwgiSL5JwJuWFyoPdKsEPg==", "user"=>{"email"=>"travisjh@gmail.com", "password"=>"[FILTERED]"}}
  [1m[36mUser Load (1.2ms)[0m  [1m[34mSELECT  "users".* FROM "users" WHERE "users"."email" = $1 LIMIT $2[0m  [["email", "travisjh@gmail.com"], ["LIMIT", 1]]
  ↳ app/models/user.rb:20
  [1m[35m (0.3ms)[0m  [1m[35mBEGIN[0m
  ↳ app/models/user.rb:27
  [1m[36mUser Exists (0.9ms)[0m  [1m[34mSELECT  1 AS one FROM "users" WHERE "users"."email" = $1 AND "users"."id" != $2 LIMIT $3[0m  [["email", "travisjh@gmail.com"], ["id", 1], ["LIMIT", 1]]
  ↳ app/models/user.rb:27
  [1m[36mUser Exists (5.0ms)[0m  [1m[34mSELECT  1 AS one FROM "users" WHERE "users"."session_token" = $1 AND "users"."id" != $2 LIMIT $3[0m  [["session_token", "Bg4OUSvQYM8ATcKIjTTw1g"], ["id", 1], ["LIMIT", 1]]
  ↳ app/models/user.rb:27
  [1m[36mUser Update (1.5ms)[0m  [1m[33mUPDATE "users" SET "session_token" = $1, "updated_at" = $2 WHERE "users"."id" = $3[0m  [["session_token", "Bg4OUSvQYM8ATcKIjTTw1g"], ["updated_at", "2020-08-18 20:03:40.220311"], ["id", 1]]
  ↳ app/models/user.rb:27
  [1m[35m (30.4ms)[0m  [1m[35mCOMMIT[0m
  ↳ app/models/user.rb:27
Redirected to http://localhost:3000/users
Completed 302 Found in 769ms (ActiveRecord: 39.3ms)


Started GET "/users" for ::1 at 2020-08-18 13:03:40 -0700
Processing by UsersController#index as HTML
  Rendering users/index.html.erb within layouts/application
  [1m[36mUser Load (1.5ms)[0m  [1m[34mSELECT  "users".* FROM "users" WHERE "users"."session_token" = $1 LIMIT $2[0m  [["session_token", "Bg4OUSvQYM8ATcKIjTTw1g"], ["LIMIT", 1]]
  ↳ app/controllers/application_controller.rb:5
  Rendered users/index.html.erb within layouts/application (14.2ms)
Completed 200 OK in 183ms (Views: 175.0ms | ActiveRecord: 6.7ms)


Started DELETE "/session/Bg4OUSvQYM8ATcKIjTTw1g%" for ::1 at 2020-08-18 13:03:44 -0700
Processing by SessionController#destroy as HTML
  Parameters: {"authenticity_token"=>"5xjqRanZDvODCZPUmkBWhBOywvyej62Rp7u8gwCMu6H/q/UVoGqQ02zj2um50ToKawwqFgGFHs16ZGnZwhtbUg==", "id"=>"Bg4OUSvQYM8ATcKIjTTw1g%"}
  [1m[36mUser Load (11.3ms)[0m  [1m[34mSELECT  "users".* FROM "users" WHERE "users"."session_token" = $1 LIMIT $2[0m  [["session_token", "Bg4OUSvQYM8ATcKIjTTw1g"], ["LIMIT", 1]]
  ↳ app/controllers/application_controller.rb:5
  [1m[35m (5.4ms)[0m  [1m[35mBEGIN[0m
  ↳ app/models/user.rb:27
  [1m[36mUser Exists (8.7ms)[0m  [1m[34mSELECT  1 AS one FROM "users" WHERE "users"."email" = $1 AND "users"."id" != $2 LIMIT $3[0m  [["email", "travisjh@gmail.com"], ["id", 1], ["LIMIT", 1]]
  ↳ app/models/user.rb:27
  [1m[36mUser Exists (5.1ms)[0m  [1m[34mSELECT  1 AS one FROM "users" WHERE "users"."session_token" = $1 AND "users"."id" != $2 LIMIT $3[0m  [["session_token", "foWfZ4amartVbYXG56Wz_g"], ["id", 1], ["LIMIT", 1]]
  ↳ app/models/user.rb:27
  [1m[36mUser Update (3.1ms)[0m  [1m[33mUPDATE "users" SET "session_token" = $1, "updated_at" = $2 WHERE "users"."id" = $3[0m  [["session_token", "foWfZ4amartVbYXG56Wz_g"], ["updated_at", "2020-08-18 20:03:44.676428"], ["id", 1]]
  ↳ app/models/user.rb:27
  [1m[35m (4.9ms)[0m  [1m[35mCOMMIT[0m
  ↳ app/models/user.rb:27
Redirected to http://localhost:3000/session/new
Completed 302 Found in 56ms (ActiveRecord: 38.4ms)


Started GET "/session/new" for ::1 at 2020-08-18 13:03:44 -0700
Processing by SessionController#new as HTML
  Rendering session/new.html.erb within layouts/application
  Rendered session/new.html.erb within layouts/application (4.3ms)
  [1m[36mUser Load (0.4ms)[0m  [1m[34mSELECT  "users".* FROM "users" WHERE "users"."session_token" IS NULL LIMIT $1[0m  [["LIMIT", 1]]
  ↳ app/controllers/application_controller.rb:5
Completed 200 OK in 231ms (Views: 220.1ms | ActiveRecord: 0.4ms)


Started POST "/session" for ::1 at 2020-08-18 13:04:02 -0700
Processing by SessionController#create as HTML
  Parameters: {"authenticity_token"=>"06u7N7A77ssQ71o77PWI7W4IRSY6Bq7Bg/1VpHcc4AzLGKRnuYhw6/8FEwbPZORjFratzKUMHZ1eIoD+tYsA/w==", "user"=>{"email"=>"travisjh@gmail.com", "password"=>"[FILTERED]"}}
  [1m[36mUser Load (5.1ms)[0m  [1m[34mSELECT  "users".* FROM "users" WHERE "users"."email" = $1 LIMIT $2[0m  [["email", "travisjh@gmail.com"], ["LIMIT", 1]]
  ↳ app/models/user.rb:20
  [1m[35m (2.2ms)[0m  [1m[35mBEGIN[0m
  ↳ app/models/user.rb:27
  [1m[36mUser Exists (0.7ms)[0m  [1m[34mSELECT  1 AS one FROM "users" WHERE "users"."email" = $1 AND "users"."id" != $2 LIMIT $3[0m  [["email", "travisjh@gmail.com"], ["id", 1], ["LIMIT", 1]]
  ↳ app/models/user.rb:27
  [1m[36mUser Exists (5.6ms)[0m  [1m[34mSELECT  1 AS one FROM "users" WHERE "users"."session_token" = $1 AND "users"."id" != $2 LIMIT $3[0m  [["session_token", "QxPhVXZer51L2XR-Y6blWA"], ["id", 1], ["LIMIT", 1]]
  ↳ app/models/user.rb:27
  [1m[36mUser Update (1.8ms)[0m  [1m[33mUPDATE "users" SET "session_token" = $1, "updated_at" = $2 WHERE "users"."id" = $3[0m  [["session_token", "QxPhVXZer51L2XR-Y6blWA"], ["updated_at", "2020-08-18 20:04:02.995997"], ["id", 1]]
  ↳ app/models/user.rb:27
  [1m[35m (4.0ms)[0m  [1m[35mCOMMIT[0m
  ↳ app/models/user.rb:27
Redirected to http://localhost:3000/users
Completed 302 Found in 703ms (ActiveRecord: 19.3ms)


Started GET "/users" for ::1 at 2020-08-18 13:04:03 -0700
Processing by UsersController#index as HTML
  Rendering users/index.html.erb within layouts/application
  [1m[36mUser Load (1.9ms)[0m  [1m[34mSELECT  "users".* FROM "users" WHERE "users"."session_token" = $1 LIMIT $2[0m  [["session_token", "QxPhVXZer51L2XR-Y6blWA"], ["LIMIT", 1]]
  ↳ app/controllers/application_controller.rb:5
  Rendered users/index.html.erb within layouts/application (4.3ms)
Completed 200 OK in 294ms (Views: 289.6ms | ActiveRecord: 1.9ms)


Started DELETE "/session/QxPhVXZer51L2XR-Y6blWA%" for ::1 at 2020-08-18 13:04:05 -0700
Processing by SessionController#destroy as HTML
  Parameters: {"authenticity_token"=>"MNk/Pb2qLUly92eoB471i3XCala6NzGI+yAtwoG+hQUoaiBttBmzaZ0dLpUkH5kFDXyCvCU9gtQm//iYQyll9g==", "id"=>"QxPhVXZer51L2XR-Y6blWA%"}
  [1m[36mUser Load (4.2ms)[0m  [1m[34mSELECT  "users".* FROM "users" WHERE "users"."session_token" = $1 LIMIT $2[0m  [["session_token", "QxPhVXZer51L2XR-Y6blWA"], ["LIMIT", 1]]
  ↳ app/controllers/application_controller.rb:5
  [1m[35m (1.0ms)[0m  [1m[35mBEGIN[0m
  ↳ app/models/user.rb:27
  [1m[36mUser Exists (1.1ms)[0m  [1m[34mSELECT  1 AS one FROM "users" WHERE "users"."email" = $1 AND "users"."id" != $2 LIMIT $3[0m  [["email", "travisjh@gmail.com"], ["id", 1], ["LIMIT", 1]]
  ↳ app/models/user.rb:27
  [1m[36mUser Exists (3.4ms)[0m  [1m[34mSELECT  1 AS one FROM "users" WHERE "users"."session_token" = $1 AND "users"."id" != $2 LIMIT $3[0m  [["session_token", "MkI5Ty1lFJLI_p7RI_EU5w"], ["id", 1], ["LIMIT", 1]]
  ↳ app/models/user.rb:27
  [1m[36mUser Update (20.7ms)[0m  [1m[33mUPDATE "users" SET "session_token" = $1, "updated_at" = $2 WHERE "users"."id" = $3[0m  [["session_token", "MkI5Ty1lFJLI_p7RI_EU5w"], ["updated_at", "2020-08-18 20:04:05.965530"], ["id", 1]]
  ↳ app/models/user.rb:27
  [1m[35m (8.1ms)[0m  [1m[35mCOMMIT[0m
  ↳ app/models/user.rb:27
Redirected to http://localhost:3000/session/new
Completed 302 Found in 57ms (ActiveRecord: 38.5ms)


Started GET "/session/new" for ::1 at 2020-08-18 13:04:06 -0700
Processing by SessionController#new as HTML
  Rendering session/new.html.erb within layouts/application
  Rendered session/new.html.erb within layouts/application (1.5ms)
  [1m[36mUser Load (0.4ms)[0m  [1m[34mSELECT  "users".* FROM "users" WHERE "users"."session_token" IS NULL LIMIT $1[0m  [["LIMIT", 1]]
  ↳ app/controllers/application_controller.rb:5
Completed 200 OK in 255ms (Views: 252.6ms | ActiveRecord: 0.4ms)


Started POST "/session" for ::1 at 2020-08-18 13:04:20 -0700
Processing by SessionController#create as HTML
  Parameters: {"authenticity_token"=>"0/GxH9D+XDpgZHXgjFiGn1fS0Z5vjUUPCan3n/mGxEzLQq5P2U3CGo+OPN2vyeoRL2w5dPCH9lPUdiLFOxEkvw==", "user"=>{"email"=>"hello@hello.com", "password"=>"[FILTERED]"}}
  [1m[36mUser Load (3.2ms)[0m  [1m[34mSELECT  "users".* FROM "users" WHERE "users"."email" = $1 LIMIT $2[0m  [["email", "hello@hello.com"], ["LIMIT", 1]]
  ↳ app/models/user.rb:20
  [1m[35m (0.2ms)[0m  [1m[35mBEGIN[0m
  ↳ app/models/user.rb:27
  [1m[36mUser Exists (0.7ms)[0m  [1m[34mSELECT  1 AS one FROM "users" WHERE "users"."email" = $1 AND "users"."id" != $2 LIMIT $3[0m  [["email", "hello@hello.com"], ["id", 2], ["LIMIT", 1]]
  ↳ app/models/user.rb:27
  [1m[36mUser Exists (0.5ms)[0m  [1m[34mSELECT  1 AS one FROM "users" WHERE "users"."session_token" = $1 AND "users"."id" != $2 LIMIT $3[0m  [["session_token", "_R-QEkmUCHv3kcN3QaFEKA"], ["id", 2], ["LIMIT", 1]]
  ↳ app/models/user.rb:27
  [1m[36mUser Update (37.7ms)[0m  [1m[33mUPDATE "users" SET "session_token" = $1, "updated_at" = $2 WHERE "users"."id" = $3[0m  [["session_token", "_R-QEkmUCHv3kcN3QaFEKA"], ["updated_at", "2020-08-18 20:04:20.634703"], ["id", 2]]
  ↳ app/models/user.rb:27
  [1m[35m (31.3ms)[0m  [1m[35mCOMMIT[0m
  ↳ app/models/user.rb:27
Redirected to http://localhost:3000/users
Completed 302 Found in 596ms (ActiveRecord: 73.6ms)


Started GET "/users" for ::1 at 2020-08-18 13:04:20 -0700
Processing by UsersController#index as HTML
  Rendering users/index.html.erb within layouts/application
  [1m[36mUser Load (0.7ms)[0m  [1m[34mSELECT  "users".* FROM "users" WHERE "users"."session_token" = $1 LIMIT $2[0m  [["session_token", "_R-QEkmUCHv3kcN3QaFEKA"], ["LIMIT", 1]]
  ↳ app/controllers/application_controller.rb:5
  Rendered users/index.html.erb within layouts/application (15.9ms)
Completed 200 OK in 284ms (Views: 276.5ms | ActiveRecord: 0.7ms)


Started DELETE "/session/_R-QEkmUCHv3kcN3QaFEKA%" for ::1 at 2020-08-18 13:04:26 -0700
Processing by SessionController#destroy as HTML
  Parameters: {"authenticity_token"=>"ttz/6Aoak63kCCb/nh5I3DRrxjg73Q2W/P8BJwA6zayub+C4A6kNjQvib8K9jyRSTNUu0qTXvsohINR9wq0tXw==", "id"=>"_R-QEkmUCHv3kcN3QaFEKA%"}
  [1m[36mUser Load (4.4ms)[0m  [1m[34mSELECT  "users".* FROM "users" WHERE "users"."session_token" = $1 LIMIT $2[0m  [["session_token", "_R-QEkmUCHv3kcN3QaFEKA"], ["LIMIT", 1]]
  ↳ app/controllers/application_controller.rb:5
  [1m[35m (0.8ms)[0m  [1m[35mBEGIN[0m
  ↳ app/models/user.rb:27
  [1m[36mUser Exists (2.8ms)[0m  [1m[34mSELECT  1 AS one FROM "users" WHERE "users"."email" = $1 AND "users"."id" != $2 LIMIT $3[0m  [["email", "hello@hello.com"], ["id", 2], ["LIMIT", 1]]
  ↳ app/models/user.rb:27
  [1m[36mUser Exists (6.4ms)[0m  [1m[34mSELECT  1 AS one FROM "users" WHERE "users"."session_token" = $1 AND "users"."id" != $2 LIMIT $3[0m  [["session_token", "i0klDgDhiZ6jNWpHqRjohQ"], ["id", 2], ["LIMIT", 1]]
  ↳ app/models/user.rb:27
  [1m[36mUser Update (5.4ms)[0m  [1m[33mUPDATE "users" SET "session_token" = $1, "updated_at" = $2 WHERE "users"."id" = $3[0m  [["session_token", "i0klDgDhiZ6jNWpHqRjohQ"], ["updated_at", "2020-08-18 20:04:26.632054"], ["id", 2]]
  ↳ app/models/user.rb:27
  [1m[35m (19.6ms)[0m  [1m[35mCOMMIT[0m
  ↳ app/models/user.rb:27
Redirected to http://localhost:3000/session/new
Completed 302 Found in 65ms (ActiveRecord: 39.3ms)


Started GET "/session/new" for ::1 at 2020-08-18 13:04:26 -0700
Processing by SessionController#new as HTML
  Rendering session/new.html.erb within layouts/application
  Rendered session/new.html.erb within layouts/application (1.0ms)
  [1m[36mUser Load (0.5ms)[0m  [1m[34mSELECT  "users".* FROM "users" WHERE "users"."session_token" IS NULL LIMIT $1[0m  [["LIMIT", 1]]
  ↳ app/controllers/application_controller.rb:5
Completed 200 OK in 228ms (Views: 223.9ms | ActiveRecord: 0.5ms)


Started GET "/users/new" for ::1 at 2020-08-18 13:04:28 -0700
Processing by UsersController#new as HTML
  Rendering users/new.html.erb within layouts/application
  Rendered users/new.html.erb within layouts/application (43.6ms)
  [1m[36mUser Load (0.4ms)[0m  [1m[34mSELECT  "users".* FROM "users" WHERE "users"."session_token" IS NULL LIMIT $1[0m  [["LIMIT", 1]]
  ↳ app/controllers/application_controller.rb:5
Completed 200 OK in 201ms (Views: 199.4ms | ActiveRecord: 0.4ms)


Started POST "/session" for ::1 at 2020-08-18 13:04:34 -0700
Processing by SessionController#create as HTML
  Parameters: {"authenticity_token"=>" mxuTyXrX2okg4l2MnvasgHZ6ddC3MQ8uilR+g15R0VCDqIyZc2REqc8IFLG9Z8AODsSdOig7vHJXi6vZnMYxow== ", "user"=>{"email"=>"hi@hi.com", "password"=>"[FILTERED]"}}
Can't verify CSRF token authenticity.
Completed 422 Unprocessable Entity in 4ms (ActiveRecord: 0.0ms)



ActionController::InvalidAuthenticityToken - ActionController::InvalidAuthenticityToken:

Started POST "/__better_errors/0b41bd43afeb93c1/variables" for ::1 at 2020-08-18 13:04:35 -0700
Started GET "/users/new" for ::1 at 2020-08-18 13:13:18 -0700
Processing by UsersController#new as HTML
  Rendering users/new.html.erb within layouts/application
  Rendered users/new.html.erb within layouts/application (3.6ms)
  [1m[36mUser Load (1.2ms)[0m  [1m[34mSELECT  "users".* FROM "users" WHERE "users"."session_token" IS NULL LIMIT $1[0m  [["LIMIT", 1]]
  ↳ app/controllers/application_controller.rb:5
Completed 200 OK in 846ms (Views: 559.5ms | ActiveRecord: 31.4ms)


Started GET "/users/new" for ::1 at 2020-08-18 13:13:22 -0700
Processing by UsersController#new as HTML
  Rendering users/new.html.erb within layouts/application
  Rendered users/new.html.erb within layouts/application (1.7ms)
  [1m[36mUser Load (1.3ms)[0m  [1m[34mSELECT  "users".* FROM "users" WHERE "users"."session_token" IS NULL LIMIT $1[0m  [["LIMIT", 1]]
  ↳ app/controllers/application_controller.rb:5
Completed 200 OK in 132ms (Views: 126.6ms | ActiveRecord: 1.3ms)


Started POST "/session" for ::1 at 2020-08-18 13:13:28 -0700

ActionController::RoutingError - uninitialized constant SessionsController:

Started POST "/__better_errors/a0e69237a84c64e0/variables" for ::1 at 2020-08-18 13:13:28 -0700
Started POST "/session" for ::1 at 2020-08-18 13:14:30 -0700
Processing by SessionsController#create as HTML
  Parameters: {"authenticity_token"=>"MdX9KsRA03aFcgBzj8D7/Fa+fxaqwtQz1VREYjtDhdQpZuJ6zfNNVmqYSU6sUZdyLgCX/DXIZ28Ii5E4+dRlJw==", "user"=>{"email"=>"hi@hi.com", "password"=>"[FILTERED]"}}
  [1m[36mUser Load (2.2ms)[0m  [1m[34mSELECT  "users".* FROM "users" WHERE "users"."email" = $1 LIMIT $2[0m  [["email", "hi@hi.com"], ["LIMIT", 1]]
  ↳ app/models/user.rb:20
Completed 500 Internal Server Error in 133ms (ActiveRecord: 18.9ms)



ActionView::MissingTemplate - Missing template sessions/new, application/new with {:locale=>[:en], :formats=>[:html], :variants=>[], :handlers=>[:raw, :erb, :html, :builder, :ruby, :coffee, :jbuilder]}. Searched in:
  * "/Users/travisholter/Desktop/homework/W7D2/music_app/app/views"
:
  app/controllers/sessions_controller.rb:14:in `create'

Started POST "/__better_errors/276a2573aaf4d4b4/variables" for ::1 at 2020-08-18 13:14:31 -0700
Started POST "/session" for ::1 at 2020-08-18 13:15:07 -0700
Processing by SessionsController#create as HTML
  Parameters: {"authenticity_token"=>"MdX9KsRA03aFcgBzj8D7/Fa+fxaqwtQz1VREYjtDhdQpZuJ6zfNNVmqYSU6sUZdyLgCX/DXIZ28Ii5E4+dRlJw==", "user"=>{"email"=>"hi@hi.com", "password"=>"[FILTERED]"}}
  [1m[36mUser Load (0.9ms)[0m  [1m[34mSELECT  "users".* FROM "users" WHERE "users"."email" = $1 LIMIT $2[0m  [["email", "hi@hi.com"], ["LIMIT", 1]]
  ↳ app/models/user.rb:20
  Rendering sessions/new.html.erb within layouts/application
  Rendered sessions/new.html.erb within layouts/application (2.7ms)
  [1m[36mUser Load (0.7ms)[0m  [1m[34mSELECT  "users".* FROM "users" WHERE "users"."session_token" IS NULL LIMIT $1[0m  [["LIMIT", 1]]
  ↳ app/controllers/application_controller.rb:5
Completed 422 Unprocessable Entity in 432ms (Views: 367.3ms | ActiveRecord: 8.0ms)


Started GET "/users/new" for ::1 at 2020-08-18 13:19:08 -0700
Processing by UsersController#new as HTML
  Rendering users/new.html.erb within layouts/application
  Rendered users/new.html.erb within layouts/application (2.7ms)
  [1m[36mUser Load (1.3ms)[0m  [1m[34mSELECT  "users".* FROM "users" WHERE "users"."session_token" IS NULL LIMIT $1[0m  [["LIMIT", 1]]
  ↳ app/controllers/application_controller.rb:5
Completed 200 OK in 618ms (Views: 447.8ms | ActiveRecord: 66.4ms)


Started POST "/users" for ::1 at 2020-08-18 13:19:17 -0700
Processing by UsersController#create as HTML
  Parameters: {"authenticity_token"=>" Bzpt8H8DxAI0/lDpim4xDtrY7kZ+XwSdtgaoZ6km4YofiXKgdrBaItsUGdSp/12AomYGrOFVt8Fr2X09a7EBeQ== ", "user"=>{"email"=>"hi@hi.com", "password"=>"[FILTERED]"}}
Can't verify CSRF token authenticity.
Completed 422 Unprocessable Entity in 11ms (ActiveRecord: 0.0ms)



ActionController::InvalidAuthenticityToken - ActionController::InvalidAuthenticityToken:

Started POST "/__better_errors/200b2b1a760ea18a/variables" for ::1 at 2020-08-18 13:19:17 -0700
Started GET "/users" for ::1 at 2020-08-18 13:19:51 -0700
Processing by UsersController#index as HTML
  Rendering users/index.html.erb within layouts/application
  [1m[36mUser Load (1.7ms)[0m  [1m[34mSELECT  "users".* FROM "users" WHERE "users"."session_token" IS NULL LIMIT $1[0m  [["LIMIT", 1]]
  ↳ app/controllers/application_controller.rb:5
  Rendered users/index.html.erb within layouts/application (33.4ms)
Completed 500 Internal Server Error in 108ms (ActiveRecord: 1.7ms)



ActionView::Template::Error - undefined method `email' for nil:NilClass:
  app/views/users/index.html.erb:2:in `view template'
  app/controllers/users_controller.rb:4:in `index'

Started POST "/__better_errors/ded14e203ea54859/variables" for ::1 at 2020-08-18 13:19:51 -0700
Started GET "/users" for ::1 at 2020-08-18 13:19:56 -0700
Processing by UsersController#index as HTML
  Rendering users/index.html.erb within layouts/application
  [1m[36mUser Load (5.7ms)[0m  [1m[34mSELECT  "users".* FROM "users" WHERE "users"."session_token" IS NULL LIMIT $1[0m  [["LIMIT", 1]]
  ↳ app/controllers/application_controller.rb:5
  Rendered users/index.html.erb within layouts/application (46.5ms)
Completed 500 Internal Server Error in 90ms (ActiveRecord: 5.7ms)



ActionView::Template::Error - undefined method `email' for nil:NilClass:
  app/views/users/index.html.erb:2:in `view template'
  app/controllers/users_controller.rb:4:in `index'

Started POST "/__better_errors/97f7d8b528e3b59a/variables" for ::1 at 2020-08-18 13:19:57 -0700
Started GET "/users/new" for ::1 at 2020-08-18 13:20:04 -0700
Processing by UsersController#new as HTML
  Rendering users/new.html.erb within layouts/application
  Rendered users/new.html.erb within layouts/application (4.8ms)
  [1m[36mUser Load (0.6ms)[0m  [1m[34mSELECT  "users".* FROM "users" WHERE "users"."session_token" IS NULL LIMIT $1[0m  [["LIMIT", 1]]
  ↳ app/controllers/application_controller.rb:5
Completed 200 OK in 530ms (Views: 528.2ms | ActiveRecord: 0.6ms)


Started GET "/users/new" for ::1 at 2020-08-18 13:20:08 -0700
Processing by UsersController#new as HTML
  Rendering users/new.html.erb within layouts/application
  Rendered users/new.html.erb within layouts/application (0.7ms)
  [1m[36mUser Load (0.4ms)[0m  [1m[34mSELECT  "users".* FROM "users" WHERE "users"."session_token" IS NULL LIMIT $1[0m  [["LIMIT", 1]]
  ↳ app/controllers/application_controller.rb:5
Completed 200 OK in 298ms (Views: 293.3ms | ActiveRecord: 0.4ms)


Started POST "/users" for ::1 at 2020-08-18 13:20:15 -0700
Processing by UsersController#create as HTML
  Parameters: {"authenticity_token"=>" PGx9Hd4O6weyqVzqrZjDB8wDmcDfBhf2mbFXANfpu80k32JN1711J11DFdeOCa+JtL1xKkAMpKpEboJaFX5bPg== ", "user"=>{"email"=>"hi@hi.com", "password"=>"[FILTERED]"}}
Can't verify CSRF token authenticity.
Completed 422 Unprocessable Entity in 26ms (ActiveRecord: 0.0ms)



ActionController::InvalidAuthenticityToken - ActionController::InvalidAuthenticityToken:

Started POST "/__better_errors/363cb50f4d8827b3/variables" for ::1 at 2020-08-18 13:20:15 -0700
Started GET "/users" for ::1 at 2020-08-18 13:22:45 -0700
Processing by UsersController#index as HTML
  Rendering users/index.html.erb within layouts/application
  [1m[36mUser Load (1.3ms)[0m  [1m[34mSELECT  "users".* FROM "users" WHERE "users"."session_token" IS NULL LIMIT $1[0m  [["LIMIT", 1]]
  ↳ app/controllers/application_controller.rb:5
  Rendered users/index.html.erb within layouts/application (212.0ms)
Completed 500 Internal Server Error in 351ms (ActiveRecord: 1.3ms)



ActionView::Template::Error - undefined method `email' for nil:NilClass:
  app/views/users/index.html.erb:2:in `view template'
  app/controllers/users_controller.rb:4:in `index'

Started POST "/__better_errors/a5b869bfc0518963/variables" for ::1 at 2020-08-18 13:22:46 -0700
Started GET "/users/new" for ::1 at 2020-08-18 13:22:53 -0700
Processing by UsersController#new as HTML
  Rendering users/new.html.erb within layouts/application
  Rendered users/new.html.erb within layouts/application (11.8ms)
  [1m[36mUser Load (0.5ms)[0m  [1m[34mSELECT  "users".* FROM "users" WHERE "users"."session_token" IS NULL LIMIT $1[0m  [["LIMIT", 1]]
  ↳ app/controllers/application_controller.rb:5
Completed 200 OK in 616ms (Views: 608.1ms | ActiveRecord: 0.5ms)


Started POST "/users" for ::1 at 2020-08-18 13:22:59 -0700
Processing by UsersController#create as HTML
  Parameters: {"authenticity_token"=>"V28Vpu5VE+UlS4oIOoMmvOEnDU3foKKJBcBZIhNOxkNP3Ar25+aNxcqhwzUZEkoymZnlp0CqEdXYH4x40dkmsA==", "user"=>{"email"=>"hi@hi.com", "password"=>"[FILTERED]"}}
  [1m[35m (0.6ms)[0m  [1m[35mBEGIN[0m
  ↳ app/controllers/users_controller.rb:14
  [1m[36mUser Exists (12.5ms)[0m  [1m[34mSELECT  1 AS one FROM "users" WHERE "users"."email" = $1 LIMIT $2[0m  [["email", "hi@hi.com"], ["LIMIT", 1]]
  ↳ app/controllers/users_controller.rb:14
  [1m[36mUser Exists (2.4ms)[0m  [1m[34mSELECT  1 AS one FROM "users" WHERE "users"."session_token" = $1 LIMIT $2[0m  [["session_token", "hyBlRSnPet5hjcsFxfv-zA"], ["LIMIT", 1]]
  ↳ app/controllers/users_controller.rb:14
  [1m[36mUser Create (37.2ms)[0m  [1m[32mINSERT INTO "users" ("email", "password_digest", "session_token", "created_at", "updated_at") VALUES ($1, $2, $3, $4, $5) RETURNING "id"[0m  [["email", "hi@hi.com"], ["password_digest", "$2a$12$yxnPVNPjOob/cI/N4ajlXOa6.We3IZiaAOs31NpzRA6.BbAI9Qrda"], ["session_token", "hyBlRSnPet5hjcsFxfv-zA"], ["created_at", "2020-08-18 20:22:59.917044"], ["updated_at", "2020-08-18 20:22:59.917044"]]
  ↳ app/controllers/users_controller.rb:14
  [1m[35m (14.4ms)[0m  [1m[35mCOMMIT[0m
  ↳ app/controllers/users_controller.rb:14
  [1m[35m (0.4ms)[0m  [1m[35mBEGIN[0m
  ↳ app/models/user.rb:27
  [1m[36mUser Exists (1.2ms)[0m  [1m[34mSELECT  1 AS one FROM "users" WHERE "users"."email" = $1 AND "users"."id" != $2 LIMIT $3[0m  [["email", "hi@hi.com"], ["id", 3], ["LIMIT", 1]]
  ↳ app/models/user.rb:27
  [1m[36mUser Exists (0.7ms)[0m  [1m[34mSELECT  1 AS one FROM "users" WHERE "users"."session_token" = $1 AND "users"."id" != $2 LIMIT $3[0m  [["session_token", "uFX8wv0go_0_RbxBDK99LQ"], ["id", 3], ["LIMIT", 1]]
  ↳ app/models/user.rb:27
  [1m[36mUser Update (26.4ms)[0m  [1m[33mUPDATE "users" SET "session_token" = $1, "updated_at" = $2 WHERE "users"."id" = $3[0m  [["session_token", "uFX8wv0go_0_RbxBDK99LQ"], ["updated_at", "2020-08-18 20:23:00.121285"], ["id", 3]]
  ↳ app/models/user.rb:27
  [1m[35m (2.1ms)[0m  [1m[35mCOMMIT[0m
  ↳ app/models/user.rb:27
Redirected to http://localhost:3000/users
Completed 302 Found in 908ms (ActiveRecord: 97.9ms)


Started GET "/users" for ::1 at 2020-08-18 13:23:00 -0700
Processing by UsersController#index as HTML
  Rendering users/index.html.erb within layouts/application
  [1m[36mUser Load (1.0ms)[0m  [1m[34mSELECT  "users".* FROM "users" WHERE "users"."session_token" = $1 LIMIT $2[0m  [["session_token", "uFX8wv0go_0_RbxBDK99LQ"], ["LIMIT", 1]]
  ↳ app/controllers/application_controller.rb:5
  Rendered users/index.html.erb within layouts/application (31.2ms)
Completed 200 OK in 383ms (Views: 378.6ms | ActiveRecord: 1.0ms)


  [1m[36mUser Load (0.8ms)[0m  [1m[34mSELECT  "users".* FROM "users" ORDER BY "users"."id" DESC LIMIT $1[0m  [["LIMIT", 1]]
