  [1m[35m (426.3ms)[0m  [1m[35mCREATE DATABASE "nintey_nine_cats_development" ENCODING = 'unicode'[0m
  ↳ bin/rails:9
  [1m[35m (142.9ms)[0m  [1m[35mCREATE DATABASE "nintey_nine_cats_test" ENCODING = 'unicode'[0m
  ↳ bin/rails:9
  [1m[35m (73.2ms)[0m  [1m[35mCREATE TABLE "schema_migrations" ("version" character varying NOT NULL PRIMARY KEY)[0m
  ↳ bin/rails:9
  [1m[35m (12.4ms)[0m  [1m[35mCREATE TABLE "ar_internal_metadata" ("key" character varying NOT NULL PRIMARY KEY, "value" character varying, "created_at" timestamp NOT NULL, "updated_at" timestamp NOT NULL)[0m
  ↳ bin/rails:9
  [1m[35m (1.5ms)[0m  [1m[34mSELECT pg_try_advisory_lock(798725658069193575)[0m
  ↳ bin/rails:9
  [1m[35m (0.9ms)[0m  [1m[34mSELECT "schema_migrations"."version" FROM "schema_migrations" ORDER BY "schema_migrations"."version" ASC[0m
  ↳ bin/rails:9
Migrating to CreateCat (20200814175745)
  [1m[35m (2.3ms)[0m  [1m[35mBEGIN[0m
  ↳ bin/rails:9
  [1m[35m (45.3ms)[0m  [1m[35mCREATE TABLE "cats" ("id" bigserial primary key, "birth_date" date NOT NULL, "color" character varying NOT NULL, "name" character varying NOT NULL, "sex" character varying(1) NOT NULL, "description" text NOT NULL, "created_at" timestamp NOT NULL, "updated_at" timestamp NOT NULL)[0m
  ↳ db/migrate/20200814175745_create_cat.rb:3
  [1m[36mActiveRecord::SchemaMigration Create (19.1ms)[0m  [1m[32mINSERT INTO "schema_migrations" ("version") VALUES ($1) RETURNING "version"[0m  [["version", "20200814175745"]]
  ↳ bin/rails:9
  [1m[35m (2.8ms)[0m  [1m[35mCOMMIT[0m
  ↳ bin/rails:9
  [1m[36mActiveRecord::InternalMetadata Load (1.4ms)[0m  [1m[34mSELECT  "ar_internal_metadata".* FROM "ar_internal_metadata" WHERE "ar_internal_metadata"."key" = $1 LIMIT $2[0m  [["key", "environment"], ["LIMIT", 1]]
  ↳ bin/rails:9
  [1m[35m (0.6ms)[0m  [1m[35mBEGIN[0m
  ↳ bin/rails:9
  [1m[36mActiveRecord::InternalMetadata Create (4.5ms)[0m  [1m[32mINSERT INTO "ar_internal_metadata" ("key", "value", "created_at", "updated_at") VALUES ($1, $2, $3, $4) RETURNING "key"[0m  [["key", "environment"], ["value", "development"], ["created_at", "2020-08-14 18:06:51.137144"], ["updated_at", "2020-08-14 18:06:51.137144"]]
  ↳ bin/rails:9
  [1m[35m (2.2ms)[0m  [1m[35mCOMMIT[0m
  ↳ bin/rails:9
  [1m[35m (1.1ms)[0m  [1m[34mSELECT pg_advisory_unlock(798725658069193575)[0m
  ↳ bin/rails:9
  [1m[35m (3.5ms)[0m  [1m[34mSELECT "schema_migrations"."version" FROM "schema_migrations" ORDER BY "schema_migrations"."version" ASC[0m
  ↳ bin/rails:9
  [1m[35m (1.1ms)[0m  [1m[34mSELECT "schema_migrations"."version" FROM "schema_migrations" ORDER BY "schema_migrations"."version" ASC[0m
  ↳ /Users/travisholter/.rbenv/versions/2.5.1/bin/annotate:23
Started GET "/" for ::1 at 2020-08-14 12:12:54 -0700
  [1m[35m (18.6ms)[0m  [1m[34mSELECT "schema_migrations"."version" FROM "schema_migrations" ORDER BY "schema_migrations"."version" ASC[0m
  ↳ /Users/travisholter/.rbenv/versions/2.5.1/lib/ruby/gems/2.5.0/gems/activerecord-5.2.4.3/lib/active_record/log_subscriber.rb:98
Processing by Rails::WelcomeController#index as */*
  Rendering /Users/travisholter/.rbenv/versions/2.5.1/lib/ruby/gems/2.5.0/gems/railties-5.2.4.3/lib/rails/templates/rails/welcome/index.html.erb
  Rendered /Users/travisholter/.rbenv/versions/2.5.1/lib/ruby/gems/2.5.0/gems/railties-5.2.4.3/lib/rails/templates/rails/welcome/index.html.erb (37.5ms)
Completed 200 OK in 387ms (Views: 184.2ms | ActiveRecord: 0.0ms)


Started GET "/cats" for ::1 at 2020-08-14 12:13:14 -0700
Processing by CatsController#index as */*
Completed 500 Internal Server Error in 208ms (ActiveRecord: 0.0ms)



ActionView::MissingTemplate - Missing template cats/index, application/index with {:locale=>[:en], :formats=>[:html, :text, :js, :css, :ics, :csv, :vcf, :vtt, :png, :jpeg, :gif, :bmp, :tiff, :svg, :mpeg, :mp3, :ogg, :m4a, :webm, :mp4, :otf, :ttf, :woff, :woff2, :xml, :rss, :atom, :yaml, :multipart_form, :url_encoded_form, :json, :pdf, :zip, :gzip], :variants=>[], :handlers=>[:raw, :erb, :html, :builder, :ruby, :coffee, :jbuilder]}. Searched in:
  * "/Users/travisholter/Desktop/homework/W6D5/nintey_nine_cats/app/views"
:
  app/controllers/cats_controller.rb:4:in `index'

Started GET "/cats" for ::1 at 2020-08-14 12:16:20 -0700
Processing by CatsController#index as */*
Completed 500 Internal Server Error in 314ms (ActiveRecord: 0.0ms)



ActionView::MissingTemplate - Missing template cats/index, application/index with {:locale=>[:en], :formats=>[:html, :text, :js, :css, :ics, :csv, :vcf, :vtt, :png, :jpeg, :gif, :bmp, :tiff, :svg, :mpeg, :mp3, :ogg, :m4a, :webm, :mp4, :otf, :ttf, :woff, :woff2, :xml, :rss, :atom, :yaml, :multipart_form, :url_encoded_form, :json, :pdf, :zip, :gzip], :variants=>[], :handlers=>[:raw, :erb, :html, :builder, :ruby, :coffee, :jbuilder]}. Searched in:
  * "/Users/travisholter/Desktop/homework/W6D5/nintey_nine_cats/app/views"
:
  app/controllers/cats_controller.rb:4:in `index'

Started GET "/cats" for ::1 at 2020-08-14 12:19:40 -0700
Processing by CatsController#index as */*
  Rendering cats/index.html.erb within layouts/application
  [1m[36mCat Load (39.9ms)[0m  [1m[34mSELECT "cats".* FROM "cats"[0m
  ↳ app/views/cats/index.html.erb:4
  Rendered cats/index.html.erb within layouts/application (112.7ms)
Completed 200 OK in 3732ms (Views: 3613.1ms | ActiveRecord: 49.8ms)


  [1m[35m (2.4ms)[0m  [1m[35mBEGIN[0m
  [1m[35m (2.6ms)[0m  [1m[31mROLLBACK[0m
  [1m[35m (1.1ms)[0m  [1m[35mBEGIN[0m
  [1m[35m (0.5ms)[0m  [1m[31mROLLBACK[0m
  [1m[35m (0.3ms)[0m  [1m[35mBEGIN[0m
  [1m[36mCat Create (32.4ms)[0m  [1m[32mINSERT INTO "cats" ("birth_date", "color", "name", "sex", "description", "created_at", "updated_at") VALUES ($1, $2, $3, $4, $5, $6, $7) RETURNING "id"[0m  [["birth_date", "1999-08-09"], ["color", "black"], ["name", "tabby"], ["sex", "M"], ["description", "good cat"], ["created_at", "2020-08-14 19:24:55.922317"], ["updated_at", "2020-08-14 19:24:55.922317"]]
  [1m[35m (2.9ms)[0m  [1m[35mCOMMIT[0m
  [1m[35m (0.7ms)[0m  [1m[35mBEGIN[0m
  [1m[36mCat Create (4.9ms)[0m  [1m[32mINSERT INTO "cats" ("birth_date", "color", "name", "sex", "description", "created_at", "updated_at") VALUES ($1, $2, $3, $4, $5, $6, $7) RETURNING "id"[0m  [["birth_date", "1988-08-09"], ["color", "black"], ["name", "Ninja"], ["sex", "F"], ["description", "so stealth"], ["created_at", "2020-08-14 19:25:40.622841"], ["updated_at", "2020-08-14 19:25:40.622841"]]
  [1m[35m (6.0ms)[0m  [1m[35mCOMMIT[0m
  [1m[35m (1.8ms)[0m  [1m[35mBEGIN[0m
  [1m[36mCat Create (3.9ms)[0m  [1m[32mINSERT INTO "cats" ("birth_date", "color", "name", "sex", "description", "created_at", "updated_at") VALUES ($1, $2, $3, $4, $5, $6, $7) RETURNING "id"[0m  [["birth_date", "1988-08-09"], ["color", "black"], ["name", "Tiger"], ["sex", "F"], ["description", "so cute"], ["created_at", "2020-08-14 19:26:13.240736"], ["updated_at", "2020-08-14 19:26:13.240736"]]
  [1m[35m (6.4ms)[0m  [1m[35mCOMMIT[0m
  [1m[36mCat Load (5.8ms)[0m  [1m[34mSELECT "cats".* FROM "cats"[0m
Started GET "/cats" for ::1 at 2020-08-14 12:27:13 -0700
  [1m[35m (3.5ms)[0m  [1m[34mSELECT "schema_migrations"."version" FROM "schema_migrations" ORDER BY "schema_migrations"."version" ASC[0m
  ↳ /Users/travisholter/.rbenv/versions/2.5.1/lib/ruby/gems/2.5.0/gems/activerecord-5.2.4.3/lib/active_record/log_subscriber.rb:98
Processing by CatsController#index as */*
  Rendering cats/index.html.erb within layouts/application
  [1m[36mCat Load (2.8ms)[0m  [1m[34mSELECT "cats".* FROM "cats"[0m
  ↳ app/views/cats/index.html.erb:4
  Rendered cats/index.html.erb within layouts/application (240.4ms)
Completed 200 OK in 1153ms (Views: 1063.8ms | ActiveRecord: 22.5ms)


Started GET "/cats" for ::1 at 2020-08-14 12:27:35 -0700
Processing by CatsController#index as */*
  Rendering cats/index.html.erb within layouts/application
  [1m[36mCat Load (15.5ms)[0m  [1m[34mSELECT "cats".* FROM "cats"[0m
  ↳ app/views/cats/index.html.erb:4
  Rendered cats/index.html.erb within layouts/application (39.1ms)
Completed 200 OK in 639ms (Views: 622.2ms | ActiveRecord: 15.5ms)


Started GET "/cats/1" for ::1 at 2020-08-14 12:28:39 -0700
Processing by CatsController#show as */*
  Parameters: {"id"=>"1"}
  [1m[36mCat Load (10.2ms)[0m  [1m[34mSELECT  "cats".* FROM "cats" WHERE "cats"."id" = $1 LIMIT $2[0m  [["id", 1], ["LIMIT", 1]]
  ↳ app/controllers/cats_controller.rb:8
  Rendering cats/show.html.erb within layouts/application
  Rendered cats/show.html.erb within layouts/application (17.4ms)
Completed 200 OK in 619ms (Views: 488.0ms | ActiveRecord: 11.1ms)


Started GET "/cats/2" for ::1 at 2020-08-14 12:28:51 -0700
Processing by CatsController#show as */*
  Parameters: {"id"=>"2"}
  [1m[36mCat Load (1.0ms)[0m  [1m[34mSELECT  "cats".* FROM "cats" WHERE "cats"."id" = $1 LIMIT $2[0m  [["id", 2], ["LIMIT", 1]]
  ↳ app/controllers/cats_controller.rb:8
  Rendering cats/show.html.erb within layouts/application
  Rendered cats/show.html.erb within layouts/application (18.2ms)
Completed 200 OK in 553ms (Views: 549.7ms | ActiveRecord: 1.0ms)


Started GET "/cats" for ::1 at 2020-08-14 12:29:00 -0700
Processing by CatsController#index as */*
  Rendering cats/index.html.erb within layouts/application
  [1m[36mCat Load (4.5ms)[0m  [1m[34mSELECT "cats".* FROM "cats"[0m
  ↳ app/views/cats/index.html.erb:4
  Rendered cats/index.html.erb within layouts/application (7.6ms)
Completed 200 OK in 362ms (Views: 356.0ms | ActiveRecord: 4.5ms)


Started GET "/cats" for ::1 at 2020-08-14 12:31:24 -0700
Processing by CatsController#index as */*
  Rendering cats/index.html.erb within layouts/application
  [1m[36mCat Load (1.4ms)[0m  [1m[34mSELECT "cats".* FROM "cats"[0m
  ↳ app/views/cats/index.html.erb:4
  Rendered cats/index.html.erb within layouts/application (122.0ms)
Completed 200 OK in 743ms (Views: 609.2ms | ActiveRecord: 1.4ms)


Started GET "/cats" for ::1 at 2020-08-14 12:31:32 -0700
Processing by CatsController#index as */*
  Rendering cats/index.html.erb within layouts/application
  [1m[36mCat Load (2.8ms)[0m  [1m[34mSELECT "cats".* FROM "cats"[0m
  ↳ app/views/cats/index.html.erb:4
  Rendered cats/index.html.erb within layouts/application (48.2ms)
Completed 200 OK in 820ms (Views: 815.3ms | ActiveRecord: 2.8ms)


Started GET "/cats" for ::1 at 2020-08-14 12:31:41 -0700
Processing by CatsController#index as */*
  Rendering cats/index.html.erb within layouts/application
  [1m[36mCat Load (1.4ms)[0m  [1m[34mSELECT "cats".* FROM "cats"[0m
  ↳ app/views/cats/index.html.erb:4
  Rendered cats/index.html.erb within layouts/application (7.0ms)
Completed 200 OK in 745ms (Views: 742.7ms | ActiveRecord: 1.4ms)


Started GET "/cats" for ::1 at 2020-08-14 12:31:50 -0700
Processing by CatsController#index as */*
  Rendering cats/index.html.erb within layouts/application
  [1m[36mCat Load (3.7ms)[0m  [1m[34mSELECT "cats".* FROM "cats"[0m
  ↳ app/views/cats/index.html.erb:4
  Rendered cats/index.html.erb within layouts/application (101.5ms)
Completed 200 OK in 639ms (Views: 635.2ms | ActiveRecord: 3.7ms)


Started GET "/cats" for ::1 at 2020-08-14 12:31:58 -0700
Processing by CatsController#index as */*
  Rendering cats/index.html.erb within layouts/application
  [1m[36mCat Load (10.5ms)[0m  [1m[34mSELECT "cats".* FROM "cats"[0m
  ↳ app/views/cats/index.html.erb:4
  Rendered cats/index.html.erb within layouts/application (61.8ms)
Completed 200 OK in 722ms (Views: 710.7ms | ActiveRecord: 10.5ms)


Started GET "/cats" for ::1 at 2020-08-14 13:03:12 -0700
Processing by CatsController#index as */*
  Rendering cats/index.html.erb within layouts/application
  [1m[36mCat Load (4.6ms)[0m  [1m[34mSELECT "cats".* FROM "cats"[0m
  ↳ app/views/cats/index.html.erb:4
  Rendered cats/index.html.erb within layouts/application (132.9ms)
Completed 200 OK in 493ms (Views: 316.5ms | ActiveRecord: 49.9ms)


Started GET "/cats/new" for ::1 at 2020-08-14 13:04:02 -0700
Processing by CatsController#new as */*
  Rendering cats/new.html.erb within layouts/application
  Rendered cats/new.html.erb within layouts/application (195.0ms)
Completed 500 Internal Server Error in 449ms (ActiveRecord: 0.0ms)



ActionView::Template::Error - No route matches {:action=>"show", :controller=>"cats"}, missing required keys: [:id]:
  app/views/cats/new.html.erb:3:in `view template'
  app/controllers/cats_controller.rb:14:in `new'

Started GET "/cats/new" for ::1 at 2020-08-14 13:05:55 -0700
Processing by CatsController#new as */*
  Rendering cats/new.html.erb within layouts/application
  Rendered cats/new.html.erb within layouts/application (191.7ms)
Completed 500 Internal Server Error in 559ms (ActiveRecord: 0.0ms)



ActionView::Template::Error - No route matches {:action=>"show", :controller=>"cats"}, missing required keys: [:id]:
  app/views/cats/new.html.erb:3:in `view template'
  app/controllers/cats_controller.rb:14:in `new'

Started GET "/cats/new" for ::1 at 2020-08-14 13:08:01 -0700
Processing by CatsController#new as */*
  Rendering cats/new.html.erb within layouts/application
  Rendered cats/new.html.erb within layouts/application (269.5ms)
Completed 500 Internal Server Error in 389ms (ActiveRecord: 0.0ms)



ActionView::Template::Error - No route matches {:action=>"show", :controller=>"cats"}, missing required keys: [:id]:
  app/views/cats/new.html.erb:3:in `view template'
  app/controllers/cats_controller.rb:14:in `new'

Started GET "/cats/new" for ::1 at 2020-08-14 13:08:25 -0700
Processing by CatsController#new as */*
  Rendering cats/new.html.erb within layouts/application
  Rendered cats/new.html.erb within layouts/application (134.6ms)
Completed 500 Internal Server Error in 522ms (ActiveRecord: 0.0ms)



ActionView::Template::Error - No route matches {:action=>"show", :controller=>"cats"}, missing required keys: [:id]:
  app/views/cats/new.html.erb:3:in `view template'
  app/controllers/cats_controller.rb:14:in `new'

Started GET "/cats/new" for ::1 at 2020-08-14 13:10:06 -0700
Processing by CatsController#new as */*
  Rendering cats/new.html.erb within layouts/application
  Rendered cats/new.html.erb within layouts/application (246.5ms)
Completed 500 Internal Server Error in 694ms (ActiveRecord: 0.0ms)



ActionView::Template::Error - No route matches {:action=>"show", :controller=>"cats"}, missing required keys: [:id]:
  app/views/cats/new.html.erb:3:in `view template'
  app/controllers/cats_controller.rb:14:in `new'

Started GET "/cats/new" for ::1 at 2020-08-14 13:10:29 -0700
Processing by CatsController#new as */*
  Rendering cats/new.html.erb within layouts/application
  Rendered cats/new.html.erb within layouts/application (134.5ms)
Completed 500 Internal Server Error in 335ms (ActiveRecord: 0.0ms)



ActionView::Template::Error - No route matches {:action=>"show", :controller=>"cats"}, missing required keys: [:id]:
  app/views/cats/new.html.erb:3:in `view template'
  app/controllers/cats_controller.rb:14:in `new'

Started GET "/cats/new" for ::1 at 2020-08-14 13:11:28 -0700
Processing by CatsController#new as */*
  Rendering cats/new.html.erb within layouts/application
  Rendered cats/new.html.erb within layouts/application (211.8ms)
Completed 500 Internal Server Error in 561ms (ActiveRecord: 0.0ms)



ActionView::Template::Error - No route matches {:action=>"show", :controller=>"cats"}, missing required keys: [:id]:
  app/views/cats/new.html.erb:3:in `view template'
  app/controllers/cats_controller.rb:14:in `new'

Started GET "/cats/new" for ::1 at 2020-08-14 13:13:24 -0700
Processing by CatsController#new as */*
  Rendering cats/new.html.erb within layouts/application
  Rendered cats/new.html.erb within layouts/application (145.0ms)
Completed 500 Internal Server Error in 401ms (ActiveRecord: 0.0ms)



ActionView::Template::Error - No route matches {:action=>"show", :controller=>"cats"}, missing required keys: [:id]:
  app/views/cats/new.html.erb:3:in `view template'
  app/controllers/cats_controller.rb:14:in `new'

Started GET "/cats/new" for ::1 at 2020-08-14 13:14:32 -0700
Processing by CatsController#new as */*
  Rendering cats/new.html.erb within layouts/application
  Rendered cats/new.html.erb within layouts/application (149.2ms)
Completed 500 Internal Server Error in 503ms (ActiveRecord: 0.0ms)



ActionView::Template::Error - No route matches {:action=>"show", :controller=>"cats"}, missing required keys: [:id]:
  app/views/cats/new.html.erb:3:in `view template'
  app/controllers/cats_controller.rb:14:in `new'

Started GET "/cats/new" for ::1 at 2020-08-14 13:16:05 -0700
Processing by CatsController#new as */*
  Rendering cats/new.html.erb within layouts/application
  Rendered cats/new.html.erb within layouts/application (347.2ms)
Completed 500 Internal Server Error in 656ms (ActiveRecord: 0.0ms)



ActionView::Template::Error - No route matches {:action=>"show", :controller=>"cats"}, missing required keys: [:id]:
  app/views/cats/new.html.erb:3:in `view template'
  app/controllers/cats_controller.rb:14:in `new'

Started GET "/cats" for ::1 at 2020-08-14 13:16:40 -0700
Processing by CatsController#index as */*
  Rendering cats/index.html.erb within layouts/application
  [1m[36mCat Load (1.7ms)[0m  [1m[34mSELECT "cats".* FROM "cats"[0m
  ↳ app/views/cats/index.html.erb:4
  Rendered cats/index.html.erb within layouts/application (87.2ms)
Completed 200 OK in 687ms (Views: 618.6ms | ActiveRecord: 1.7ms)


Started GET "/cats" for ::1 at 2020-08-14 13:17:03 -0700
Processing by CatsController#index as HTML
  Rendering cats/index.html.erb within layouts/application
  [1m[36mCat Load (2.4ms)[0m  [1m[34mSELECT "cats".* FROM "cats"[0m
  ↳ app/views/cats/index.html.erb:4
  Rendered cats/index.html.erb within layouts/application (11.4ms)
Completed 200 OK in 338ms (Views: 334.5ms | ActiveRecord: 2.4ms)


Started GET "/cats/new" for ::1 at 2020-08-14 13:17:16 -0700
Processing by CatsController#new as HTML
  Rendering cats/new.html.erb within layouts/application
  Rendered cats/new.html.erb within layouts/application (31.0ms)
Completed 500 Internal Server Error in 84ms (ActiveRecord: 0.0ms)



ActionView::Template::Error - No route matches {:action=>"show", :controller=>"cats"}, missing required keys: [:id]:
  app/views/cats/new.html.erb:3:in `view template'
  app/controllers/cats_controller.rb:14:in `new'

Started POST "/__better_errors/3dc02903d8db5d5f/variables" for ::1 at 2020-08-14 13:17:17 -0700
Started GET "/cats/new" for ::1 at 2020-08-14 13:19:13 -0700
Processing by CatsController#new as HTML
  Rendering cats/new.html.erb within layouts/application
  Rendered cats/new.html.erb within layouts/application (2.2ms)
Completed 200 OK in 214ms (Views: 213.3ms | ActiveRecord: 0.0ms)


Started GET "/cats/new" for ::1 at 2020-08-14 13:23:00 -0700
Processing by CatsController#new as HTML
  Rendering cats/new.html.erb within layouts/application
  Rendered cats/new.html.erb within layouts/application (64.3ms)
Completed 500 Internal Server Error in 165ms (ActiveRecord: 0.0ms)



ActionView::Template::Error - No route matches {:action=>"show", :controller=>"cats"}, missing required keys: [:id]:
  app/views/cats/new.html.erb:3:in `view template'
  app/controllers/cats_controller.rb:14:in `new'

Started POST "/__better_errors/7b94c04a784e3c6f/variables" for ::1 at 2020-08-14 13:23:01 -0700
Started GET "/cats" for ::1 at 2020-08-14 13:23:07 -0700
Processing by CatsController#index as */*
  Rendering cats/index.html.erb within layouts/application
  [1m[36mCat Load (22.2ms)[0m  [1m[34mSELECT "cats".* FROM "cats"[0m
  ↳ app/views/cats/index.html.erb:4
  Rendered cats/index.html.erb within layouts/application (51.2ms)
Completed 200 OK in 545ms (Views: 520.7ms | ActiveRecord: 22.2ms)


Started GET "/cats/new" for ::1 at 2020-08-14 13:23:12 -0700
Processing by CatsController#new as */*
  Rendering cats/new.html.erb within layouts/application
  Rendered cats/new.html.erb within layouts/application (108.3ms)
Completed 500 Internal Server Error in 328ms (ActiveRecord: 0.0ms)



ActionView::Template::Error - No route matches {:action=>"show", :controller=>"cats"}, missing required keys: [:id]:
  app/views/cats/new.html.erb:3:in `view template'
  app/controllers/cats_controller.rb:14:in `new'

Started GET "/cats/new" for ::1 at 2020-08-14 13:23:29 -0700
Processing by CatsController#new as */*
  Rendering cats/new.html.erb within layouts/application
  Rendered cats/new.html.erb within layouts/application (2.0ms)
Completed 200 OK in 352ms (Views: 350.3ms | ActiveRecord: 0.0ms)


Started GET "/cats/new" for ::1 at 2020-08-14 13:30:48 -0700
Processing by CatsController#new as */*
  Rendering cats/new.html.erb within layouts/application
  Rendered cats/new.html.erb within layouts/application (11.2ms)
Completed 200 OK in 338ms (Views: 299.4ms | ActiveRecord: 0.0ms)


Started GET "/cats/new" for ::1 at 2020-08-14 13:31:42 -0700
Processing by CatsController#new as */*
  Rendering cats/new.html.erb within layouts/application
  Rendered cats/new.html.erb within layouts/application (0.6ms)
Completed 200 OK in 280ms (Views: 278.7ms | ActiveRecord: 0.0ms)


Started GET "/cats/new" for ::1 at 2020-08-14 13:33:14 -0700
Processing by CatsController#new as */*
  Rendering cats/new.html.erb within layouts/application
  Rendered cats/new.html.erb within layouts/application (1.5ms)
Completed 200 OK in 585ms (Views: 580.8ms | ActiveRecord: 0.0ms)


Started GET "/cats/new" for ::1 at 2020-08-14 13:33:51 -0700
Processing by CatsController#new as */*
  Rendering cats/new.html.erb within layouts/application
  Rendered cats/new.html.erb within layouts/application (2.5ms)
Completed 200 OK in 510ms (Views: 506.7ms | ActiveRecord: 0.0ms)


Started GET "/cats/new" for ::1 at 2020-08-14 13:36:59 -0700
Processing by CatsController#new as */*
  Rendering cats/new.html.erb within layouts/application
  Rendered cats/new.html.erb within layouts/application (45.1ms)
Completed 200 OK in 486ms (Views: 405.5ms | ActiveRecord: 0.0ms)


Started GET "/cats/new" for ::1 at 2020-08-14 13:38:43 -0700
Processing by CatsController#new as */*
  Rendering cats/new.html.erb within layouts/application
  Rendered cats/new.html.erb within layouts/application (34.4ms)
Completed 200 OK in 426ms (Views: 390.8ms | ActiveRecord: 0.0ms)


Started GET "/cats/new" for ::1 at 2020-08-14 13:47:06 -0700

SyntaxError - syntax error, unexpected tLABEL, expecting keyword_end
...at.errors.full_messages status: 422
...                        ^~~~~~~:
  app/controllers/cats_controller.rb:22:in `'

Started GET "/cats/new" for ::1 at 2020-08-14 13:47:46 -0700
Processing by CatsController#new as */*
  Rendering cats/new.html.erb within layouts/application
  Rendered cats/new.html.erb within layouts/application (48.8ms)
Completed 200 OK in 488ms (Views: 318.9ms | ActiveRecord: 66.8ms)


Started GET "/cats/new" for ::1 at 2020-08-14 13:49:47 -0700
Processing by CatsController#new as */*
  Rendering cats/new.html.erb within layouts/application
  Rendered cats/new.html.erb within layouts/application (16.3ms)
Completed 200 OK in 295ms (Views: 202.2ms | ActiveRecord: 17.3ms)


Started GET "/cats/new" for ::1 at 2020-08-14 13:52:42 -0700
Processing by CatsController#new as */*
  Rendering cats/new.html.erb within layouts/application
  Rendered cats/new.html.erb within layouts/application (2.5ms)
Completed 200 OK in 715ms (Views: 701.6ms | ActiveRecord: 0.0ms)


Started GET "/cats/new" for ::1 at 2020-08-14 13:52:56 -0700
Processing by CatsController#new as HTML
  Rendering cats/new.html.erb within layouts/application
  Rendered cats/new.html.erb within layouts/application (9.2ms)
Completed 200 OK in 192ms (Views: 188.3ms | ActiveRecord: 0.0ms)


Started POST "/cats%" for ::1 at 2020-08-14 13:52:59 -0700
  
ActionController::RoutingError (No route matches [POST] "/cats%"):
  
actionpack (5.2.4.3) lib/action_dispatch/middleware/debug_exceptions.rb:65:in `call'
web-console (3.7.0) lib/web_console/middleware.rb:135:in `call_app'
web-console (3.7.0) lib/web_console/middleware.rb:30:in `block in call'
web-console (3.7.0) lib/web_console/middleware.rb:20:in `catch'
web-console (3.7.0) lib/web_console/middleware.rb:20:in `call'
actionpack (5.2.4.3) lib/action_dispatch/middleware/show_exceptions.rb:33:in `call'
railties (5.2.4.3) lib/rails/rack/logger.rb:38:in `call_app'
railties (5.2.4.3) lib/rails/rack/logger.rb:26:in `block in call'
activesupport (5.2.4.3) lib/active_support/tagged_logging.rb:71:in `block in tagged'
activesupport (5.2.4.3) lib/active_support/tagged_logging.rb:28:in `tagged'
activesupport (5.2.4.3) lib/active_support/tagged_logging.rb:71:in `tagged'
railties (5.2.4.3) lib/rails/rack/logger.rb:26:in `call'
sprockets-rails (3.2.1) lib/sprockets/rails/quiet_assets.rb:13:in `call'
actionpack (5.2.4.3) lib/action_dispatch/middleware/remote_ip.rb:81:in `call'
actionpack (5.2.4.3) lib/action_dispatch/middleware/request_id.rb:27:in `call'
rack (2.2.3) lib/rack/method_override.rb:24:in `call'
rack (2.2.3) lib/rack/runtime.rb:22:in `call'
activesupport (5.2.4.3) lib/active_support/cache/strategy/local_cache_middleware.rb:29:in `call'
actionpack (5.2.4.3) lib/action_dispatch/middleware/executor.rb:14:in `call'
actionpack (5.2.4.3) lib/action_dispatch/middleware/static.rb:127:in `call'
rack (2.2.3) lib/rack/sendfile.rb:110:in `call'
railties (5.2.4.3) lib/rails/engine.rb:524:in `call'
puma (3.12.6) lib/puma/configuration.rb:227:in `call'
puma (3.12.6) lib/puma/server.rb:706:in `handle_request'
puma (3.12.6) lib/puma/server.rb:476:in `process_client'
puma (3.12.6) lib/puma/server.rb:334:in `block in run'
puma (3.12.6) lib/puma/thread_pool.rb:135:in `block in spawn_thread'
Started POST "/cats%" for ::1 at 2020-08-14 13:52:59 -0700
Started POST "/cats%" for ::1 at 2020-08-14 13:52:59 -0700
  
ActionController::RoutingError (No route matches [POST] "/cats%"):
  
actionpack (5.2.4.3) lib/action_dispatch/middleware/debug_exceptions.rb:65:in `call'
web-console (3.7.0) lib/web_console/middleware.rb:135:in `call_app'
web-console (3.7.0) lib/web_console/middleware.rb:30:in `block in call'
web-console (3.7.0) lib/web_console/middleware.rb:20:in `catch'
web-console (3.7.0) lib/web_console/middleware.rb:20:in `call'
actionpack (5.2.4.3) lib/action_dispatch/middleware/show_exceptions.rb:33:in `call'
railties (5.2.4.3) lib/rails/rack/logger.rb:38:in `call_app'
railties (5.2.4.3) lib/rails/rack/logger.rb:26:in `block in call'
activesupport (5.2.4.3) lib/active_support/tagged_logging.rb:71:in `block in tagged'
activesupport (5.2.4.3) lib/active_support/tagged_logging.rb:28:in `tagged'
activesupport (5.2.4.3) lib/active_support/tagged_logging.rb:71:in `tagged'
railties (5.2.4.3) lib/rails/rack/logger.rb:26:in `call'
sprockets-rails (3.2.1) lib/sprockets/rails/quiet_assets.rb:13:in `call'
actionpack (5.2.4.3) lib/action_dispatch/middleware/remote_ip.rb:81:in `call'
actionpack (5.2.4.3) lib/action_dispatch/middleware/request_id.rb:27:in `call'
rack (2.2.3) lib/rack/method_override.rb:24:in `call'
rack (2.2.3) lib/rack/runtime.rb:22:in `call'
activesupport (5.2.4.3) lib/active_support/cache/strategy/local_cache_middleware.rb:29:in `call'
actionpack (5.2.4.3) lib/action_dispatch/middleware/executor.rb:14:in `call'
actionpack (5.2.4.3) lib/action_dispatch/middleware/static.rb:127:in `call'
rack (2.2.3) lib/rack/sendfile.rb:110:in `call'
railties (5.2.4.3) lib/rails/engine.rb:524:in `call'
puma (3.12.6) lib/puma/configuration.rb:227:in `call'
puma (3.12.6) lib/puma/server.rb:706:in `handle_request'
puma (3.12.6) lib/puma/server.rb:476:in `process_client'
puma (3.12.6) lib/puma/server.rb:334:in `block in run'
puma (3.12.6) lib/puma/thread_pool.rb:135:in `block in spawn_thread'
  
ActionController::RoutingError (No route matches [POST] "/cats%"):
  
actionpack (5.2.4.3) lib/action_dispatch/middleware/debug_exceptions.rb:65:in `call'
web-console (3.7.0) lib/web_console/middleware.rb:135:in `call_app'
web-console (3.7.0) lib/web_console/middleware.rb:30:in `block in call'
web-console (3.7.0) lib/web_console/middleware.rb:20:in `catch'
web-console (3.7.0) lib/web_console/middleware.rb:20:in `call'
actionpack (5.2.4.3) lib/action_dispatch/middleware/show_exceptions.rb:33:in `call'
railties (5.2.4.3) lib/rails/rack/logger.rb:38:in `call_app'
railties (5.2.4.3) lib/rails/rack/logger.rb:26:in `block in call'
activesupport (5.2.4.3) lib/active_support/tagged_logging.rb:71:in `block in tagged'
activesupport (5.2.4.3) lib/active_support/tagged_logging.rb:28:in `tagged'
activesupport (5.2.4.3) lib/active_support/tagged_logging.rb:71:in `tagged'
railties (5.2.4.3) lib/rails/rack/logger.rb:26:in `call'
sprockets-rails (3.2.1) lib/sprockets/rails/quiet_assets.rb:13:in `call'
actionpack (5.2.4.3) lib/action_dispatch/middleware/remote_ip.rb:81:in `call'
actionpack (5.2.4.3) lib/action_dispatch/middleware/request_id.rb:27:in `call'
rack (2.2.3) lib/rack/method_override.rb:24:in `call'
rack (2.2.3) lib/rack/runtime.rb:22:in `call'
activesupport (5.2.4.3) lib/active_support/cache/strategy/local_cache_middleware.rb:29:in `call'
actionpack (5.2.4.3) lib/action_dispatch/middleware/executor.rb:14:in `call'
actionpack (5.2.4.3) lib/action_dispatch/middleware/static.rb:127:in `call'
rack (2.2.3) lib/rack/sendfile.rb:110:in `call'
railties (5.2.4.3) lib/rails/engine.rb:524:in `call'
puma (3.12.6) lib/puma/configuration.rb:227:in `call'
puma (3.12.6) lib/puma/server.rb:706:in `handle_request'
puma (3.12.6) lib/puma/server.rb:476:in `process_client'
puma (3.12.6) lib/puma/server.rb:334:in `block in run'
puma (3.12.6) lib/puma/thread_pool.rb:135:in `block in spawn_thread'
Started GET "/cats" for ::1 at 2020-08-14 13:54:12 -0700
Processing by CatsController#index as HTML
  Rendering cats/index.html.erb within layouts/application
  [1m[36mCat Load (3.0ms)[0m  [1m[34mSELECT "cats".* FROM "cats"[0m
  ↳ app/views/cats/index.html.erb:4
  Rendered cats/index.html.erb within layouts/application (49.0ms)
Completed 200 OK in 331ms (Views: 316.7ms | ActiveRecord: 3.0ms)


Started GET "/cats/new" for ::1 at 2020-08-14 13:54:17 -0700
Processing by CatsController#new as HTML
  Rendering cats/new.html.erb within layouts/application
  Rendered cats/new.html.erb within layouts/application (1.0ms)
Completed 200 OK in 196ms (Views: 193.9ms | ActiveRecord: 0.0ms)


Started POST "/cats%" for ::1 at 2020-08-14 13:54:19 -0700
  
ActionController::RoutingError (No route matches [POST] "/cats%"):
  
actionpack (5.2.4.3) lib/action_dispatch/middleware/debug_exceptions.rb:65:in `call'
web-console (3.7.0) lib/web_console/middleware.rb:135:in `call_app'
web-console (3.7.0) lib/web_console/middleware.rb:30:in `block in call'
web-console (3.7.0) lib/web_console/middleware.rb:20:in `catch'
web-console (3.7.0) lib/web_console/middleware.rb:20:in `call'
actionpack (5.2.4.3) lib/action_dispatch/middleware/show_exceptions.rb:33:in `call'
railties (5.2.4.3) lib/rails/rack/logger.rb:38:in `call_app'
railties (5.2.4.3) lib/rails/rack/logger.rb:26:in `block in call'
activesupport (5.2.4.3) lib/active_support/tagged_logging.rb:71:in `block in tagged'
activesupport (5.2.4.3) lib/active_support/tagged_logging.rb:28:in `tagged'
activesupport (5.2.4.3) lib/active_support/tagged_logging.rb:71:in `tagged'
railties (5.2.4.3) lib/rails/rack/logger.rb:26:in `call'
sprockets-rails (3.2.1) lib/sprockets/rails/quiet_assets.rb:13:in `call'
actionpack (5.2.4.3) lib/action_dispatch/middleware/remote_ip.rb:81:in `call'
actionpack (5.2.4.3) lib/action_dispatch/middleware/request_id.rb:27:in `call'
rack (2.2.3) lib/rack/method_override.rb:24:in `call'
rack (2.2.3) lib/rack/runtime.rb:22:in `call'
activesupport (5.2.4.3) lib/active_support/cache/strategy/local_cache_middleware.rb:29:in `call'
actionpack (5.2.4.3) lib/action_dispatch/middleware/executor.rb:14:in `call'
actionpack (5.2.4.3) lib/action_dispatch/middleware/static.rb:127:in `call'
rack (2.2.3) lib/rack/sendfile.rb:110:in `call'
railties (5.2.4.3) lib/rails/engine.rb:524:in `call'
puma (3.12.6) lib/puma/configuration.rb:227:in `call'
puma (3.12.6) lib/puma/server.rb:706:in `handle_request'
puma (3.12.6) lib/puma/server.rb:476:in `process_client'
puma (3.12.6) lib/puma/server.rb:334:in `block in run'
puma (3.12.6) lib/puma/thread_pool.rb:135:in `block in spawn_thread'
Started GET "/cats" for ::1 at 2020-08-14 13:54:35 -0700
Processing by CatsController#index as HTML
  Rendering cats/index.html.erb within layouts/application
  [1m[36mCat Load (2.7ms)[0m  [1m[34mSELECT "cats".* FROM "cats"[0m
  ↳ app/views/cats/index.html.erb:4
  Rendered cats/index.html.erb within layouts/application (6.1ms)
Completed 200 OK in 115ms (Views: 112.0ms | ActiveRecord: 2.7ms)


Started GET "/cats/new" for ::1 at 2020-08-14 13:54:41 -0700
Processing by CatsController#new as HTML
  Rendering cats/new.html.erb within layouts/application
  Rendered cats/new.html.erb within layouts/application (1.7ms)
Completed 200 OK in 123ms (Views: 122.4ms | ActiveRecord: 0.0ms)


Started POST "/cats%" for ::1 at 2020-08-14 13:55:01 -0700
  
ActionController::RoutingError (No route matches [POST] "/cats%"):
  
actionpack (5.2.4.3) lib/action_dispatch/middleware/debug_exceptions.rb:65:in `call'
web-console (3.7.0) lib/web_console/middleware.rb:135:in `call_app'
web-console (3.7.0) lib/web_console/middleware.rb:30:in `block in call'
web-console (3.7.0) lib/web_console/middleware.rb:20:in `catch'
web-console (3.7.0) lib/web_console/middleware.rb:20:in `call'
actionpack (5.2.4.3) lib/action_dispatch/middleware/show_exceptions.rb:33:in `call'
railties (5.2.4.3) lib/rails/rack/logger.rb:38:in `call_app'
railties (5.2.4.3) lib/rails/rack/logger.rb:26:in `block in call'
activesupport (5.2.4.3) lib/active_support/tagged_logging.rb:71:in `block in tagged'
activesupport (5.2.4.3) lib/active_support/tagged_logging.rb:28:in `tagged'
activesupport (5.2.4.3) lib/active_support/tagged_logging.rb:71:in `tagged'
railties (5.2.4.3) lib/rails/rack/logger.rb:26:in `call'
sprockets-rails (3.2.1) lib/sprockets/rails/quiet_assets.rb:13:in `call'
actionpack (5.2.4.3) lib/action_dispatch/middleware/remote_ip.rb:81:in `call'
actionpack (5.2.4.3) lib/action_dispatch/middleware/request_id.rb:27:in `call'
rack (2.2.3) lib/rack/method_override.rb:24:in `call'
rack (2.2.3) lib/rack/runtime.rb:22:in `call'
activesupport (5.2.4.3) lib/active_support/cache/strategy/local_cache_middleware.rb:29:in `call'
actionpack (5.2.4.3) lib/action_dispatch/middleware/executor.rb:14:in `call'
actionpack (5.2.4.3) lib/action_dispatch/middleware/static.rb:127:in `call'
rack (2.2.3) lib/rack/sendfile.rb:110:in `call'
railties (5.2.4.3) lib/rails/engine.rb:524:in `call'
puma (3.12.6) lib/puma/configuration.rb:227:in `call'
puma (3.12.6) lib/puma/server.rb:706:in `handle_request'
puma (3.12.6) lib/puma/server.rb:476:in `process_client'
puma (3.12.6) lib/puma/server.rb:334:in `block in run'
puma (3.12.6) lib/puma/thread_pool.rb:135:in `block in spawn_thread'
Started GET "/cats" for ::1 at 2020-08-14 13:56:31 -0700
Processing by CatsController#index as HTML
  Rendering cats/index.html.erb within layouts/application
  [1m[36mCat Load (2.3ms)[0m  [1m[34mSELECT "cats".* FROM "cats"[0m
  ↳ app/views/cats/index.html.erb:4
  Rendered cats/index.html.erb within layouts/application (14.2ms)
Completed 200 OK in 417ms (Views: 388.7ms | ActiveRecord: 2.3ms)


Started GET "/cats/new" for ::1 at 2020-08-14 13:56:32 -0700
Processing by CatsController#new as HTML
  Rendering cats/new.html.erb within layouts/application
  Rendered cats/new.html.erb within layouts/application (2.1ms)
Completed 200 OK in 113ms (Views: 111.3ms | ActiveRecord: 0.0ms)


Started POST "/cats" for ::1 at 2020-08-14 13:56:34 -0700
Processing by CatsController#create as HTML
  Parameters: {"cat"=>{"name"=>"", "description"=>""}}
Can't verify CSRF token authenticity.
Completed 422 Unprocessable Entity in 6ms (ActiveRecord: 0.0ms)



ActionController::InvalidAuthenticityToken - ActionController::InvalidAuthenticityToken:

Started POST "/__better_errors/0272cb7210fea436/variables" for ::1 at 2020-08-14 13:56:35 -0700
Started POST "/cats" for ::1 at 2020-08-14 13:57:12 -0700
Processing by CatsController#create as HTML
  Parameters: {"cat"=>{"name"=>"Ninja Two", "color"=>"white", "description"=>"Awesome"}, "Sex"=>"F"}
Can't verify CSRF token authenticity.
Completed 422 Unprocessable Entity in 3ms (ActiveRecord: 0.0ms)



ActionController::InvalidAuthenticityToken - ActionController::InvalidAuthenticityToken:

Started POST "/__better_errors/0f02a42b970b0910/variables" for ::1 at 2020-08-14 13:57:13 -0700
Started GET "/cats/new" for ::1 at 2020-08-14 13:58:41 -0700
Processing by CatsController#new as HTML
  Rendering cats/new.html.erb within layouts/application
  Rendered cats/new.html.erb within layouts/application (26.8ms)
Completed 200 OK in 530ms (Views: 489.1ms | ActiveRecord: 0.0ms)


Started POST "/cats" for ::1 at 2020-08-14 13:59:03 -0700
Processing by CatsController#create as HTML
  Parameters: {"cat"=>{"name"=>"Ali", "color"=>"orange", "description"=>"Purrrr"}, "Sex"=>"F"}
Can't verify CSRF token authenticity.
Completed 422 Unprocessable Entity in 17ms (ActiveRecord: 0.0ms)



ActionController::InvalidAuthenticityToken - ActionController::InvalidAuthenticityToken:

Started POST "/__better_errors/4d1e0c00363313b7/variables" for ::1 at 2020-08-14 13:59:03 -0700
Started GET "/cats/new" for ::1 at 2020-08-14 14:08:41 -0700
  [1m[35m (3.6ms)[0m  [1m[34mSELECT "schema_migrations"."version" FROM "schema_migrations" ORDER BY "schema_migrations"."version" ASC[0m
  ↳ /Users/travisholter/.rbenv/versions/2.5.1/lib/ruby/gems/2.5.0/gems/activerecord-5.2.4.3/lib/active_record/log_subscriber.rb:98
Processing by CatsController#new as HTML
  Rendering cats/new.html.erb within layouts/application
  Rendered cats/new.html.erb within layouts/application (6.0ms)
Completed 200 OK in 957ms (Views: 864.7ms | ActiveRecord: 24.9ms)


Started POST "/cats" for ::1 at 2020-08-14 14:08:56 -0700
Processing by CatsController#create as HTML
  Parameters: {"cat"=>{"name"=>"Ninja Two", "color"=>"purple", "description"=>"HELLO"}, "Sex"=>"F"}
  [1m[35m (16.5ms)[0m  [1m[35mBEGIN[0m
  ↳ app/controllers/cats_controller.rb:19
  [1m[35m (19.6ms)[0m  [1m[31mROLLBACK[0m
  ↳ app/controllers/cats_controller.rb:19
  Rendering cats/new.html.erb within layouts/application
  Rendered cats/new.html.erb within layouts/application (40.6ms)
Completed 200 OK in 316ms (Views: 206.9ms | ActiveRecord: 36.1ms)


Started GET "/cats" for ::1 at 2020-08-14 14:09:07 -0700
Processing by CatsController#index as HTML
  Rendering cats/index.html.erb within layouts/application
  [1m[36mCat Load (4.5ms)[0m  [1m[34mSELECT "cats".* FROM "cats"[0m
  ↳ app/views/cats/index.html.erb:4
  Rendered cats/index.html.erb within layouts/application (40.8ms)
Completed 200 OK in 178ms (Views: 164.5ms | ActiveRecord: 4.5ms)


Started GET "/cats" for ::1 at 2020-08-14 14:09:11 -0700
Processing by CatsController#index as HTML
  Rendering cats/index.html.erb within layouts/application
  [1m[36mCat Load (5.1ms)[0m  [1m[34mSELECT "cats".* FROM "cats"[0m
  ↳ app/views/cats/index.html.erb:4
  Rendered cats/index.html.erb within layouts/application (7.6ms)
Completed 200 OK in 139ms (Views: 133.2ms | ActiveRecord: 5.1ms)


Started GET "/cats/new" for ::1 at 2020-08-14 14:09:53 -0700
Processing by CatsController#new as HTML
  Rendering cats/new.html.erb within layouts/application
  Rendered cats/new.html.erb within layouts/application (0.9ms)
Completed 200 OK in 454ms (Views: 452.8ms | ActiveRecord: 0.0ms)


Started POST "/cats" for ::1 at 2020-08-14 14:10:10 -0700
Processing by CatsController#create as HTML
  Parameters: {"cat"=>{"name"=>"Ali", "color"=>"orange", "description"=>"purrr"}, "Sex"=>"F"}
  [1m[35m (1.5ms)[0m  [1m[35mBEGIN[0m
  ↳ app/controllers/cats_controller.rb:19
  [1m[35m (0.3ms)[0m  [1m[31mROLLBACK[0m
  ↳ app/controllers/cats_controller.rb:19
  Rendering cats/new.html.erb within layouts/application
  Rendered cats/new.html.erb within layouts/application (1.1ms)
Completed 200 OK in 325ms (Views: 272.6ms | ActiveRecord: 1.8ms)


Started GET "/cats/new" for ::1 at 2020-08-14 14:11:25 -0700
Processing by CatsController#new as HTML
  Rendering cats/new.html.erb within layouts/application
  Rendered cats/new.html.erb within layouts/application (7.5ms)
Completed 200 OK in 394ms (Views: 393.2ms | ActiveRecord: 0.0ms)


Started POST "/cats" for ::1 at 2020-08-14 14:11:33 -0700
Processing by CatsController#create as HTML
  Parameters: {"cat"=>{"name"=>"asdf", "color"=>"orange", "description"=>"asdf"}, "Sex"=>"F"}
  [1m[35m (1.4ms)[0m  [1m[35mBEGIN[0m
  ↳ app/controllers/cats_controller.rb:19
  [1m[35m (10.4ms)[0m  [1m[31mROLLBACK[0m
  ↳ app/controllers/cats_controller.rb:19
  Rendering cats/new.html.erb within layouts/application
  Rendered cats/new.html.erb within layouts/application (3.3ms)
Completed 200 OK in 196ms (Views: 172.4ms | ActiveRecord: 11.8ms)


Started GET "/cats/new" for ::1 at 2020-08-14 14:12:43 -0700
Processing by CatsController#new as HTML
  Rendering cats/new.html.erb within layouts/application
  Rendered cats/new.html.erb within layouts/application (5.9ms)
Completed 200 OK in 591ms (Views: 498.1ms | ActiveRecord: 0.0ms)


Started POST "/cats" for ::1 at 2020-08-14 14:12:50 -0700
Processing by CatsController#create as HTML
  Parameters: {"cat"=>{"name"=>"asdf", "color"=>"white", "description"=>"asdf"}, "sex"=>"F"}
  [1m[35m (3.8ms)[0m  [1m[35mBEGIN[0m
  ↳ app/controllers/cats_controller.rb:19
  [1m[35m (6.9ms)[0m  [1m[31mROLLBACK[0m
  ↳ app/controllers/cats_controller.rb:19
  Rendering cats/new.html.erb within layouts/application
  Rendered cats/new.html.erb within layouts/application (1.1ms)
Completed 200 OK in 226ms (Views: 169.6ms | ActiveRecord: 10.6ms)


  [1m[36mCat Load (11.8ms)[0m  [1m[34mSELECT  "cats".* FROM "cats" ORDER BY "cats"."id" DESC LIMIT $1[0m  [["LIMIT", 1]]
  [1m[36mCat Load (5.1ms)[0m  [1m[34mSELECT "cats".* FROM "cats"[0m
Started GET "/cats/new" for ::1 at 2020-08-14 14:16:24 -0700
Processing by CatsController#new as HTML
  Rendering cats/new.html.erb within layouts/application
  Rendered cats/new.html.erb within layouts/application (24.2ms)
Completed 200 OK in 1165ms (Views: 1162.2ms | ActiveRecord: 0.0ms)


Started GET "/cats/new" for ::1 at 2020-08-14 14:16:32 -0700
Processing by CatsController#new as HTML
  Rendering cats/new.html.erb within layouts/application
  Rendered cats/new.html.erb within layouts/application (3.5ms)
Completed 200 OK in 267ms (Views: 264.6ms | ActiveRecord: 0.0ms)


Started POST "/cats" for ::1 at 2020-08-14 14:16:40 -0700
Processing by CatsController#create as HTML
  Parameters: {"cat"=>{"name"=>"asdf", "sex"=>"F", "color"=>"purple", "description"=>"adsf"}}
  [1m[35m (0.2ms)[0m  [1m[35mBEGIN[0m
  ↳ app/controllers/cats_controller.rb:19
  [1m[35m (5.1ms)[0m  [1m[31mROLLBACK[0m
  ↳ app/controllers/cats_controller.rb:19
  Rendering cats/new.html.erb within layouts/application
  Rendered cats/new.html.erb within layouts/application (1.1ms)
Completed 200 OK in 303ms (Views: 287.0ms | ActiveRecord: 5.3ms)


Started GET "/cats/new" for ::1 at 2020-08-14 14:20:31 -0700
Processing by CatsController#new as HTML
  Rendering cats/new.html.erb within layouts/application
  Rendered cats/new.html.erb within layouts/application (8.8ms)
Completed 200 OK in 573ms (Views: 568.2ms | ActiveRecord: 0.0ms)


Started POST "/cats" for ::1 at 2020-08-14 14:20:38 -0700
Processing by CatsController#create as HTML
  Parameters: {"cat"=>{"name"=>"asdf", "sex"=>"F", "color"=>"white", "description"=>"adsf", "birth_date"=>"2020-07-29"}}
  [1m[35m (0.4ms)[0m  [1m[35mBEGIN[0m
  ↳ app/controllers/cats_controller.rb:19
  [1m[36mCat Create (140.2ms)[0m  [1m[32mINSERT INTO "cats" ("birth_date", "color", "name", "sex", "description", "created_at", "updated_at") VALUES ($1, $2, $3, $4, $5, $6, $7) RETURNING "id"[0m  [["birth_date", "2020-07-29"], ["color", "white"], ["name", "asdf"], ["sex", "F"], ["description", "adsf"], ["created_at", "2020-08-14 21:20:38.825959"], ["updated_at", "2020-08-14 21:20:38.825959"]]
  ↳ app/controllers/cats_controller.rb:19
  [1m[35m (18.9ms)[0m  [1m[35mCOMMIT[0m
  ↳ app/controllers/cats_controller.rb:19
Redirected to http://localhost:3000/cats/4
Completed 302 Found in 189ms (ActiveRecord: 159.6ms)


Started GET "/cats/4" for ::1 at 2020-08-14 14:20:39 -0700
Processing by CatsController#show as HTML
  Parameters: {"id"=>"4"}
  [1m[36mCat Load (8.7ms)[0m  [1m[34mSELECT  "cats".* FROM "cats" WHERE "cats"."id" = $1 LIMIT $2[0m  [["id", 4], ["LIMIT", 1]]
  ↳ app/controllers/cats_controller.rb:8
  Rendering cats/show.html.erb within layouts/application
  Rendered cats/show.html.erb within layouts/application (2.7ms)
Completed 200 OK in 452ms (Views: 251.7ms | ActiveRecord: 14.8ms)


